This is XeTeX, Version 3.14159265-2.6-0.999992 (TeX Live 2020/W32TeX) (preloaded format=xelatex 2021.3.2)  4 JUN 2021 19:10
entering extended mode
 restricted \write18 enabled.
 file:line:error style messages enabled.
 %&-line parsing enabled.
**database
(./database.tex
LaTeX2e <2020-02-02> patch level 5
L3 programming layer <2020-03-06> (d:/texlive/2020/texmf-dist/tex/latex/base/article.cls
Document Class: article 2019/12/20 v1.4l Standard LaTeX document class
(d:/texlive/2020/texmf-dist/tex/latex/base/size11.clo
File: size11.clo 2019/12/20 v1.4l Standard LaTeX file (size option)
)
\c@part=\count163
\c@section=\count164
\c@subsection=\count165
\c@subsubsection=\count166
\c@paragraph=\count167
\c@subparagraph=\count168
\c@figure=\count169
\c@table=\count170
\abovecaptionskip=\skip47
\belowcaptionskip=\skip48
\bibindent=\dimen134
) (d:/texlive/2020/texmf-dist/tex/latex/pgfplots/pgfplots.sty (d:/texlive/2020/texmf-dist/tex/generic/pgfplots/pgfplots.revision.tex)
Package: pgfplots 2020/02/29 v1.17 Data Visualization (1.17)
 (d:/texlive/2020/texmf-dist/tex/latex/graphics/graphicx.sty
Package: graphicx 2019/11/30 v1.2a Enhanced LaTeX Graphics (DPC,SPQR)
 (d:/texlive/2020/texmf-dist/tex/latex/graphics/keyval.sty
Package: keyval 2014/10/28 v1.15 key=value parser (DPC)
\KV@toks@=\toks15
) (d:/texlive/2020/texmf-dist/tex/latex/graphics/graphics.sty
Package: graphics 2019/11/30 v1.4a Standard LaTeX Graphics (DPC,SPQR)
 (d:/texlive/2020/texmf-dist/tex/latex/graphics/trig.sty
Package: trig 2016/01/03 v1.10 sin cos tan (DPC)
) (d:/texlive/2020/texmf-dist/tex/latex/graphics-cfg/graphics.cfg
File: graphics.cfg 2016/06/04 v1.11 sample graphics configuration
)
Package graphics Info: Driver file: xetex.def on input line 105.
 (d:/texlive/2020/texmf-dist/tex/latex/graphics-def/xetex.def
File: xetex.def 2017/06/24 v5.0h Graphics/color driver for xetex
))
\Gin@req@height=\dimen135
\Gin@req@width=\dimen136
) (d:/texlive/2020/texmf-dist/tex/latex/pgf/frontendlayer/tikz.sty (d:/texlive/2020/texmf-dist/tex/latex/pgf/basiclayer/pgf.sty (d:/texlive/2020/texmf-dist/tex/latex/pgf/utilities/pgfrcs.sty (d:/texlive/2020/texmf-dist/tex/generic/pgf/utilities/pgfutil-common.tex
\pgfutil@everybye=\toks16
\pgfutil@tempdima=\dimen137
\pgfutil@tempdimb=\dimen138
 (d:/texlive/2020/texmf-dist/tex/generic/pgf/utilities/pgfutil-common-lists.tex)) (d:/texlive/2020/texmf-dist/tex/generic/pgf/utilities/pgfutil-latex.def
\pgfutil@abb=\box45
 (d:/texlive/2020/texmf-dist/tex/latex/ms/everyshi.sty
Package: everyshi 2001/05/15 v3.00 EveryShipout Package (MS)
)) (d:/texlive/2020/texmf-dist/tex/generic/pgf/utilities/pgfrcs.code.tex (d:/texlive/2020/texmf-dist/tex/generic/pgf/pgf.revision.tex)
Package: pgfrcs 2020/01/08 v3.1.5b (3.1.5b)
))
Package: pgf 2020/01/08 v3.1.5b (3.1.5b)
 (d:/texlive/2020/texmf-dist/tex/latex/pgf/basiclayer/pgfcore.sty (d:/texlive/2020/texmf-dist/tex/latex/pgf/systemlayer/pgfsys.sty (d:/texlive/2020/texmf-dist/tex/generic/pgf/systemlayer/pgfsys.code.tex
Package: pgfsys 2020/01/08 v3.1.5b (3.1.5b)
 (d:/texlive/2020/texmf-dist/tex/generic/pgf/utilities/pgfkeys.code.tex
\pgfkeys@pathtoks=\toks17
\pgfkeys@temptoks=\toks18
 (d:/texlive/2020/texmf-dist/tex/generic/pgf/utilities/pgfkeysfiltered.code.tex
\pgfkeys@tmptoks=\toks19
))
\pgf@x=\dimen139
\pgf@y=\dimen140
\pgf@xa=\dimen141
\pgf@ya=\dimen142
\pgf@xb=\dimen143
\pgf@yb=\dimen144
\pgf@xc=\dimen145
\pgf@yc=\dimen146
\pgf@xd=\dimen147
\pgf@yd=\dimen148
\w@pgf@writea=\write3
\r@pgf@reada=\read2
\c@pgf@counta=\count171
\c@pgf@countb=\count172
\c@pgf@countc=\count173
\c@pgf@countd=\count174
\t@pgf@toka=\toks20
\t@pgf@tokb=\toks21
\t@pgf@tokc=\toks22
\pgf@sys@id@count=\count175
 (d:/texlive/2020/texmf-dist/tex/generic/pgf/systemlayer/pgf.cfg
File: pgf.cfg 2020/01/08 v3.1.5b (3.1.5b)
)
Driver file for pgf: pgfsys-xetex.def
 (d:/texlive/2020/texmf-dist/tex/generic/pgf/systemlayer/pgfsys-xetex.def
File: pgfsys-xetex.def 2020/01/08 v3.1.5b (3.1.5b)
 (d:/texlive/2020/texmf-dist/tex/generic/pgf/systemlayer/pgfsys-dvipdfmx.def
File: pgfsys-dvipdfmx.def 2020/01/08 v3.1.5b (3.1.5b)
 (d:/texlive/2020/texmf-dist/tex/generic/pgf/systemlayer/pgfsys-common-pdf.def
File: pgfsys-common-pdf.def 2020/01/08 v3.1.5b (3.1.5b)
)
\pgfsys@objnum=\count176
))) (d:/texlive/2020/texmf-dist/tex/generic/pgf/systemlayer/pgfsyssoftpath.code.tex
File: pgfsyssoftpath.code.tex 2020/01/08 v3.1.5b (3.1.5b)
\pgfsyssoftpath@smallbuffer@items=\count177
\pgfsyssoftpath@bigbuffer@items=\count178
) (d:/texlive/2020/texmf-dist/tex/generic/pgf/systemlayer/pgfsysprotocol.code.tex
File: pgfsysprotocol.code.tex 2020/01/08 v3.1.5b (3.1.5b)
)) (d:/texlive/2020/texmf-dist/tex/latex/xcolor/xcolor.sty
Package: xcolor 2016/05/11 v2.12 LaTeX color extensions (UK)
 (d:/texlive/2020/texmf-dist/tex/latex/graphics-cfg/color.cfg
File: color.cfg 2016/01/02 v1.6 sample color configuration
)
Package xcolor Info: Driver file: xetex.def on input line 225.
Package xcolor Info: Model `cmy' substituted by `cmy0' on input line 1348.
Package xcolor Info: Model `RGB' extended on input line 1364.
Package xcolor Info: Model `HTML' substituted by `rgb' on input line 1366.
Package xcolor Info: Model `Hsb' substituted by `hsb' on input line 1367.
Package xcolor Info: Model `tHsb' substituted by `hsb' on input line 1368.
Package xcolor Info: Model `HSB' substituted by `hsb' on input line 1369.
Package xcolor Info: Model `Gray' substituted by `gray' on input line 1370.
Package xcolor Info: Model `wave' substituted by `hsb' on input line 1371.
) (d:/texlive/2020/texmf-dist/tex/generic/pgf/basiclayer/pgfcore.code.tex
Package: pgfcore 2020/01/08 v3.1.5b (3.1.5b)
 (d:/texlive/2020/texmf-dist/tex/generic/pgf/math/pgfmath.code.tex (d:/texlive/2020/texmf-dist/tex/generic/pgf/math/pgfmathcalc.code.tex (d:/texlive/2020/texmf-dist/tex/generic/pgf/math/pgfmathutil.code.tex) (d:/texlive/2020/texmf-dist/tex/generic/pgf/math/pgfmathparser.code.tex
\pgfmath@dimen=\dimen149
\pgfmath@count=\count179
\pgfmath@box=\box46
\pgfmath@toks=\toks23
\pgfmath@stack@operand=\toks24
\pgfmath@stack@operation=\toks25
) (d:/texlive/2020/texmf-dist/tex/generic/pgf/math/pgfmathfunctions.code.tex (d:/texlive/2020/texmf-dist/tex/generic/pgf/math/pgfmathfunctions.basic.code.tex) (d:/texlive/2020/texmf-dist/tex/generic/pgf/math/pgfmathfunctions.trigonometric.code.tex) (d:/texlive/2020/texmf-dist/tex/generic/pgf/math/pgfmathfunctions.random.code.tex) (d:/texlive/2020/texmf-dist/tex/generic/pgf/math/pgfmathfunctions.comparison.code.tex) (d:/texlive/2020/texmf-dist/tex/generic/pgf/math/pgfmathfunctions.base.code.tex) (d:/texlive/2020/texmf-dist/tex/generic/pgf/math/pgfmathfunctions.round.code.tex) (d:/texlive/2020/texmf-dist/tex/generic/pgf/math/pgfmathfunctions.misc.code.tex) (d:/texlive/2020/texmf-dist/tex/generic/pgf/math/pgfmathfunctions.integerarithmetics.code.tex))) (d:/texlive/2020/texmf-dist/tex/generic/pgf/math/pgfmathfloat.code.tex
\c@pgfmathroundto@lastzeros=\count180
)) (d:/texlive/2020/texmf-dist/tex/generic/pgf/math/pgfint.code.tex) (d:/texlive/2020/texmf-dist/tex/generic/pgf/basiclayer/pgfcorepoints.code.tex
File: pgfcorepoints.code.tex 2020/01/08 v3.1.5b (3.1.5b)
\pgf@picminx=\dimen150
\pgf@picmaxx=\dimen151
\pgf@picminy=\dimen152
\pgf@picmaxy=\dimen153
\pgf@pathminx=\dimen154
\pgf@pathmaxx=\dimen155
\pgf@pathminy=\dimen156
\pgf@pathmaxy=\dimen157
\pgf@xx=\dimen158
\pgf@xy=\dimen159
\pgf@yx=\dimen160
\pgf@yy=\dimen161
\pgf@zx=\dimen162
\pgf@zy=\dimen163
) (d:/texlive/2020/texmf-dist/tex/generic/pgf/basiclayer/pgfcorepathconstruct.code.tex
File: pgfcorepathconstruct.code.tex 2020/01/08 v3.1.5b (3.1.5b)
\pgf@path@lastx=\dimen164
\pgf@path@lasty=\dimen165
) (d:/texlive/2020/texmf-dist/tex/generic/pgf/basiclayer/pgfcorepathusage.code.tex
File: pgfcorepathusage.code.tex 2020/01/08 v3.1.5b (3.1.5b)
\pgf@shorten@end@additional=\dimen166
\pgf@shorten@start@additional=\dimen167
) (d:/texlive/2020/texmf-dist/tex/generic/pgf/basiclayer/pgfcorescopes.code.tex
File: pgfcorescopes.code.tex 2020/01/08 v3.1.5b (3.1.5b)
\pgfpic=\box47
\pgf@hbox=\box48
\pgf@layerbox@main=\box49
\pgf@picture@serial@count=\count181
) (d:/texlive/2020/texmf-dist/tex/generic/pgf/basiclayer/pgfcoregraphicstate.code.tex
File: pgfcoregraphicstate.code.tex 2020/01/08 v3.1.5b (3.1.5b)
\pgflinewidth=\dimen168
) (d:/texlive/2020/texmf-dist/tex/generic/pgf/basiclayer/pgfcoretransformations.code.tex
File: pgfcoretransformations.code.tex 2020/01/08 v3.1.5b (3.1.5b)
\pgf@pt@x=\dimen169
\pgf@pt@y=\dimen170
\pgf@pt@temp=\dimen171
) (d:/texlive/2020/texmf-dist/tex/generic/pgf/basiclayer/pgfcorequick.code.tex
File: pgfcorequick.code.tex 2020/01/08 v3.1.5b (3.1.5b)
) (d:/texlive/2020/texmf-dist/tex/generic/pgf/basiclayer/pgfcoreobjects.code.tex
File: pgfcoreobjects.code.tex 2020/01/08 v3.1.5b (3.1.5b)
) (d:/texlive/2020/texmf-dist/tex/generic/pgf/basiclayer/pgfcorepathprocessing.code.tex
File: pgfcorepathprocessing.code.tex 2020/01/08 v3.1.5b (3.1.5b)
) (d:/texlive/2020/texmf-dist/tex/generic/pgf/basiclayer/pgfcorearrows.code.tex
File: pgfcorearrows.code.tex 2020/01/08 v3.1.5b (3.1.5b)
\pgfarrowsep=\dimen172
) (d:/texlive/2020/texmf-dist/tex/generic/pgf/basiclayer/pgfcoreshade.code.tex
File: pgfcoreshade.code.tex 2020/01/08 v3.1.5b (3.1.5b)
\pgf@max=\dimen173
\pgf@sys@shading@range@num=\count182
\pgf@shadingcount=\count183
) (d:/texlive/2020/texmf-dist/tex/generic/pgf/basiclayer/pgfcoreimage.code.tex
File: pgfcoreimage.code.tex 2020/01/08 v3.1.5b (3.1.5b)
 (d:/texlive/2020/texmf-dist/tex/generic/pgf/basiclayer/pgfcoreexternal.code.tex
File: pgfcoreexternal.code.tex 2020/01/08 v3.1.5b (3.1.5b)
\pgfexternal@startupbox=\box50
)) (d:/texlive/2020/texmf-dist/tex/generic/pgf/basiclayer/pgfcorelayers.code.tex
File: pgfcorelayers.code.tex 2020/01/08 v3.1.5b (3.1.5b)
) (d:/texlive/2020/texmf-dist/tex/generic/pgf/basiclayer/pgfcoretransparency.code.tex
File: pgfcoretransparency.code.tex 2020/01/08 v3.1.5b (3.1.5b)
) (d:/texlive/2020/texmf-dist/tex/generic/pgf/basiclayer/pgfcorepatterns.code.tex
File: pgfcorepatterns.code.tex 2020/01/08 v3.1.5b (3.1.5b)
) (d:/texlive/2020/texmf-dist/tex/generic/pgf/basiclayer/pgfcorerdf.code.tex
File: pgfcorerdf.code.tex 2020/01/08 v3.1.5b (3.1.5b)
))) (d:/texlive/2020/texmf-dist/tex/generic/pgf/modules/pgfmoduleshapes.code.tex
File: pgfmoduleshapes.code.tex 2020/01/08 v3.1.5b (3.1.5b)
\pgfnodeparttextbox=\box51
) (d:/texlive/2020/texmf-dist/tex/generic/pgf/modules/pgfmoduleplot.code.tex
File: pgfmoduleplot.code.tex 2020/01/08 v3.1.5b (3.1.5b)
) (d:/texlive/2020/texmf-dist/tex/latex/pgf/compatibility/pgfcomp-version-0-65.sty
Package: pgfcomp-version-0-65 2020/01/08 v3.1.5b (3.1.5b)
\pgf@nodesepstart=\dimen174
\pgf@nodesepend=\dimen175
) (d:/texlive/2020/texmf-dist/tex/latex/pgf/compatibility/pgfcomp-version-1-18.sty
Package: pgfcomp-version-1-18 2020/01/08 v3.1.5b (3.1.5b)
)) (d:/texlive/2020/texmf-dist/tex/latex/pgf/utilities/pgffor.sty (d:/texlive/2020/texmf-dist/tex/latex/pgf/utilities/pgfkeys.sty (d:/texlive/2020/texmf-dist/tex/generic/pgf/utilities/pgfkeys.code.tex)) (d:/texlive/2020/texmf-dist/tex/latex/pgf/math/pgfmath.sty (d:/texlive/2020/texmf-dist/tex/generic/pgf/math/pgfmath.code.tex)) (d:/texlive/2020/texmf-dist/tex/generic/pgf/utilities/pgffor.code.tex
Package: pgffor 2020/01/08 v3.1.5b (3.1.5b)
 (d:/texlive/2020/texmf-dist/tex/generic/pgf/math/pgfmath.code.tex)
\pgffor@iter=\dimen176
\pgffor@skip=\dimen177
\pgffor@stack=\toks26
\pgffor@toks=\toks27
)) (d:/texlive/2020/texmf-dist/tex/generic/pgf/frontendlayer/tikz/tikz.code.tex
Package: tikz 2020/01/08 v3.1.5b (3.1.5b)
 (d:/texlive/2020/texmf-dist/tex/generic/pgf/libraries/pgflibraryplothandlers.code.tex
File: pgflibraryplothandlers.code.tex 2020/01/08 v3.1.5b (3.1.5b)
\pgf@plot@mark@count=\count184
\pgfplotmarksize=\dimen178
)
\tikz@lastx=\dimen179
\tikz@lasty=\dimen180
\tikz@lastxsaved=\dimen181
\tikz@lastysaved=\dimen182
\tikz@lastmovetox=\dimen183
\tikz@lastmovetoy=\dimen184
\tikzleveldistance=\dimen185
\tikzsiblingdistance=\dimen186
\tikz@figbox=\box52
\tikz@figbox@bg=\box53
\tikz@tempbox=\box54
\tikz@tempbox@bg=\box55
\tikztreelevel=\count185
\tikznumberofchildren=\count186
\tikznumberofcurrentchild=\count187
\tikz@fig@count=\count188
 (d:/texlive/2020/texmf-dist/tex/generic/pgf/modules/pgfmodulematrix.code.tex
File: pgfmodulematrix.code.tex 2020/01/08 v3.1.5b (3.1.5b)
\pgfmatrixcurrentrow=\count189
\pgfmatrixcurrentcolumn=\count190
\pgf@matrix@numberofcolumns=\count191
)
\tikz@expandcount=\count192
 (d:/texlive/2020/texmf-dist/tex/generic/pgf/frontendlayer/tikz/libraries/tikzlibrarytopaths.code.tex
File: tikzlibrarytopaths.code.tex 2020/01/08 v3.1.5b (3.1.5b)
))) (d:/texlive/2020/texmf-dist/tex/generic/pgfplots/pgfplots.code.tex (d:/texlive/2020/texmf-dist/tex/generic/pgfplots/pgfplotscore.code.tex
\t@pgfplots@toka=\toks28
\t@pgfplots@tokb=\toks29
\t@pgfplots@tokc=\toks30
\pgfplots@tmpa=\dimen187
\c@pgfplots@coordindex=\count193
\c@pgfplots@scanlineindex=\count194
 (d:/texlive/2020/texmf-dist/tex/generic/pgfplots/sys/pgfplotssysgeneric.code.tex)) (d:/texlive/2020/texmf-dist/tex/generic/pgfplots/libs/pgfplotslibrary.code.tex) (d:/texlive/2020/texmf-dist/tex/generic/pgfplots/oldpgfcompatib/pgfplotsoldpgfsupp_loader.code.tex (d:/texlive/2020/texmf-dist/tex/generic/pgf/libraries/pgflibraryfpu.code.tex)) (d:/texlive/2020/texmf-dist/tex/generic/pgfplots/util/pgfplotsutil.code.tex (d:/texlive/2020/texmf-dist/tex/generic/pgfplots/liststructure/pgfplotsliststructure.code.tex) (d:/texlive/2020/texmf-dist/tex/generic/pgfplots/liststructure/pgfplotsliststructureext.code.tex) (d:/texlive/2020/texmf-dist/tex/generic/pgfplots/liststructure/pgfplotsarray.code.tex
\c@pgfplotsarray@tmp=\count195
) (d:/texlive/2020/texmf-dist/tex/generic/pgfplots/liststructure/pgfplotsmatrix.code.tex) (d:/texlive/2020/texmf-dist/tex/generic/pgfplots/numtable/pgfplotstableshared.code.tex
\c@pgfplotstable@counta=\count196
\t@pgfplotstable@a=\toks31
) (d:/texlive/2020/texmf-dist/tex/generic/pgfplots/liststructure/pgfplotsdeque.code.tex) (d:/texlive/2020/texmf-dist/tex/generic/pgfplots/util/pgfplotsbinary.code.tex (d:/texlive/2020/texmf-dist/tex/generic/pgfplots/util/pgfplotsbinary.data.code.tex)) (d:/texlive/2020/texmf-dist/tex/generic/pgfplots/util/pgfplotsutil.verb.code.tex) (d:/texlive/2020/texmf-dist/tex/generic/pgfplots/libs/pgflibrarypgfplots.surfshading.code.tex
\c@pgfplotslibrarysurf@no=\count197
 (d:/texlive/2020/texmf-dist/tex/generic/pgfplots/sys/pgflibrarypgfplots.surfshading.pgfsys-xetex.def (d:/texlive/2020/texmf-dist/tex/generic/pgfplots/sys/pgflibrarypgfplots.surfshading.pgfsys-dvipdfmx.def
\c@pgfplotslibrarysurf@streamlen=\count198
)))) (d:/texlive/2020/texmf-dist/tex/generic/pgfplots/util/pgfplotscolormap.code.tex (d:/texlive/2020/texmf-dist/tex/generic/pgfplots/util/pgfplotscolor.code.tex)) (d:/texlive/2020/texmf-dist/tex/generic/pgfplots/pgfplotsstackedplots.code.tex) (d:/texlive/2020/texmf-dist/tex/generic/pgfplots/pgfplotsplothandlers.code.tex (d:/texlive/2020/texmf-dist/tex/generic/pgfplots/pgfplotsmeshplothandler.code.tex (d:/texlive/2020/texmf-dist/tex/generic/pgfplots/pgfplotsmeshplotimage.code.tex))) (d:/texlive/2020/texmf-dist/tex/generic/pgfplots/pgfplots.scaling.code.tex) (d:/texlive/2020/texmf-dist/tex/generic/pgfplots/pgfplotscoordprocessing.code.tex) (d:/texlive/2020/texmf-dist/tex/generic/pgfplots/pgfplots.errorbars.code.tex) (d:/texlive/2020/texmf-dist/tex/generic/pgfplots/pgfplots.markers.code.tex) (d:/texlive/2020/texmf-dist/tex/generic/pgfplots/pgfplotsticks.code.tex) (d:/texlive/2020/texmf-dist/tex/generic/pgfplots/pgfplots.paths.code.tex) (d:/texlive/2020/texmf-dist/tex/generic/pgf/frontendlayer/tikz/libraries/tikzlibrarydecorations.code.tex (d:/texlive/2020/texmf-dist/tex/generic/pgf/modules/pgfmoduledecorations.code.tex
\pgfdecoratedcompleteddistance=\dimen188
\pgfdecoratedremainingdistance=\dimen189
\pgfdecoratedinputsegmentcompleteddistance=\dimen190
\pgfdecoratedinputsegmentremainingdistance=\dimen191
\pgf@decorate@distancetomove=\dimen192
\pgf@decorate@repeatstate=\count199
\pgfdecorationsegmentamplitude=\dimen193
\pgfdecorationsegmentlength=\dimen194
)
\tikz@lib@dec@box=\box56
) (d:/texlive/2020/texmf-dist/tex/generic/pgf/frontendlayer/tikz/libraries/tikzlibrarydecorations.pathmorphing.code.tex (d:/texlive/2020/texmf-dist/tex/generic/pgf/libraries/decorations/pgflibrarydecorations.pathmorphing.code.tex)) (d:/texlive/2020/texmf-dist/tex/generic/pgf/frontendlayer/tikz/libraries/tikzlibrarydecorations.pathreplacing.code.tex (d:/texlive/2020/texmf-dist/tex/generic/pgf/libraries/decorations/pgflibrarydecorations.pathreplacing.code.tex))
\pgfplots@numplots=\count266
\pgfplots@xmin@reg=\dimen195
\pgfplots@xmax@reg=\dimen196
\pgfplots@ymin@reg=\dimen197
\pgfplots@ymax@reg=\dimen198
\pgfplots@zmin@reg=\dimen199
\pgfplots@zmax@reg=\dimen256
) (d:/texlive/2020/texmf-dist/tex/generic/pgf/frontendlayer/tikz/libraries/tikzlibraryplotmarks.code.tex
File: tikzlibraryplotmarks.code.tex 2020/01/08 v3.1.5b (3.1.5b)
 (d:/texlive/2020/texmf-dist/tex/generic/pgf/libraries/pgflibraryplotmarks.code.tex
File: pgflibraryplotmarks.code.tex 2020/01/08 v3.1.5b (3.1.5b)
))) (d:/texlive/2020/texmf-dist/tex/latex/pdfpages/pdfpages.sty
Package: pdfpages 2020/01/28 v0.5q Insert pages of external PDF documents (AM)
 (d:/texlive/2020/texmf-dist/tex/latex/base/ifthen.sty
Package: ifthen 2014/09/29 v1.1c Standard LaTeX ifthen package (DPC)
) (d:/texlive/2020/texmf-dist/tex/latex/tools/calc.sty
Package: calc 2017/05/25 v4.3 Infix arithmetic (KKT,FJ)
\calc@Acount=\count267
\calc@Bcount=\count268
\calc@Adimen=\dimen257
\calc@Bdimen=\dimen258
\calc@Askip=\skip49
\calc@Bskip=\skip50
LaTeX Info: Redefining \setlength on input line 80.
LaTeX Info: Redefining \addtolength on input line 81.
\calc@Ccount=\count269
\calc@Cskip=\skip51
) (d:/texlive/2020/texmf-dist/tex/latex/eso-pic/eso-pic.sty
Package: eso-pic 2018/04/12 v2.0h eso-pic (RN)
 (d:/texlive/2020/texmf-dist/tex/generic/atbegshi/atbegshi.sty
Package: atbegshi 2019/12/05 v1.19 At begin shipout hook (HO)
 (d:/texlive/2020/texmf-dist/tex/generic/infwarerr/infwarerr.sty
Package: infwarerr 2019/12/03 v1.5 Providing info/warning/error messages (HO)
) (d:/texlive/2020/texmf-dist/tex/generic/ltxcmds/ltxcmds.sty
Package: ltxcmds 2019/12/15 v1.24 LaTeX kernel commands for general use (HO)
) (d:/texlive/2020/texmf-dist/tex/generic/iftex/iftex.sty
Package: iftex 2020/03/06 v1.0d TeX engine tests
)))
\AM@pagewidth=\dimen259
\AM@pageheight=\dimen260
 (d:/texlive/2020/texmf-dist/tex/latex/pdfpages/ppxetex.def
File: ppxetex.def 2020/01/28 v0.5q Pdfpages driver for XeTeX (AM)
)
\AM@pagebox=\box57
\AM@global@opts=\toks32
\AM@pagecnt=\count270
\AM@toc@title=\toks33
\c@AM@survey=\count271
\AM@templatesizebox=\box58
) (../.template/structure.tex (d:/texlive/2020/texmf-dist/tex/latex/amsmath/amsmath.sty
Package: amsmath 2020/01/20 v2.17e AMS math features
\@mathmargin=\skip52

For additional information on amsmath, use the `?' option.
(d:/texlive/2020/texmf-dist/tex/latex/amsmath/amstext.sty
Package: amstext 2000/06/29 v2.01 AMS text
 (d:/texlive/2020/texmf-dist/tex/latex/amsmath/amsgen.sty
File: amsgen.sty 1999/11/30 v2.0 generic functions
\@emptytoks=\toks34
\ex@=\dimen261
)) (d:/texlive/2020/texmf-dist/tex/latex/amsmath/amsbsy.sty
Package: amsbsy 1999/11/29 v1.2d Bold Symbols
\pmbraise@=\dimen262
) (d:/texlive/2020/texmf-dist/tex/latex/amsmath/amsopn.sty
Package: amsopn 2016/03/08 v2.02 operator names
)
\inf@bad=\count272
LaTeX Info: Redefining \frac on input line 227.
\uproot@=\count273
\leftroot@=\count274
LaTeX Info: Redefining \overline on input line 389.
\classnum@=\count275
\DOTSCASE@=\count276
LaTeX Info: Redefining \ldots on input line 486.
LaTeX Info: Redefining \dots on input line 489.
LaTeX Info: Redefining \cdots on input line 610.
\Mathstrutbox@=\box59
\strutbox@=\box60
\big@size=\dimen263
LaTeX Font Info:    Redeclaring font encoding OML on input line 733.
LaTeX Font Info:    Redeclaring font encoding OMS on input line 734.
\macc@depth=\count277
\c@MaxMatrixCols=\count278
\dotsspace@=\muskip16
\c@parentequation=\count279
\dspbrk@lvl=\count280
\tag@help=\toks35
\row@=\count281
\column@=\count282
\maxfields@=\count283
\andhelp@=\toks36
\eqnshift@=\dimen264
\alignsep@=\dimen265
\tagshift@=\dimen266
\tagwidth@=\dimen267
\totwidth@=\dimen268
\lineht@=\dimen269
\@envbody=\toks37
\multlinegap=\skip53
\multlinetaggap=\skip54
\mathdisplay@stack=\toks38
LaTeX Info: Redefining \[ on input line 2859.
LaTeX Info: Redefining \] on input line 2860.
) (d:/texlive/2020/texmf-dist/tex/latex/amsfonts/amsfonts.sty
Package: amsfonts 2013/01/14 v3.01 Basic AMSFonts support
\symAMSa=\mathgroup4
\symAMSb=\mathgroup5
LaTeX Font Info:    Redeclaring math symbol \hbar on input line 98.
LaTeX Font Info:    Overwriting math alphabet `\mathfrak' in version `bold'
(Font)                  U/euf/m/n --> U/euf/b/n on input line 106.
) (d:/texlive/2020/texmf-dist/tex/latex/stmaryrd/stmaryrd.sty
Package: stmaryrd 1994/03/03 St Mary's Road symbol package
\symstmry=\mathgroup6
LaTeX Font Info:    Overwriting symbol font `stmry' in version `bold'
(Font)                  U/stmry/m/n --> U/stmry/b/n on input line 89.
) (d:/texlive/2020/texmf-dist/tex/latex/amsfonts/amssymb.sty
Package: amssymb 2013/01/14 v3.01 AMS font symbols
LaTeX Font Info:    Redeclaring math symbol \boxdot on input line 44.
) (d:/texlive/2020/texmf-dist/tex/latex/tools/enumerate.sty
Package: enumerate 2015/07/23 v3.00 enumerate extensions (DPC)
\@enLab=\toks39
) (d:/texlive/2020/texmf-dist/tex/latex/algorithm2e/algorithm2e.sty
Invalid UTF-8 byte or sequence at line 284 replaced by U+FFFD.
Invalid UTF-8 byte or sequence at line 299 replaced by U+FFFD.
Invalid UTF-8 byte or sequence at line 550 replaced by U+FFFD.
Package: algorithm2e 2017/07/18 v5.2 algorithms environments
\c@AlgoLine=\count284
\algocf@hangindent=\skip55
 (d:/texlive/2020/texmf-dist/tex/latex/ifoddpage/ifoddpage.sty
Package: ifoddpage 2016/04/23 v1.1 Conditionals for odd/even page detection
\c@checkoddpage=\count285
) (d:/texlive/2020/texmf-dist/tex/latex/tools/xspace.sty
Package: xspace 2014/10/28 v1.13 Space after command names (DPC,MH)
) (d:/texlive/2020/texmf-dist/tex/latex/relsize/relsize.sty
Package: relsize 2013/03/29 ver 4.1
)
\skiptotal=\skip56
\skiplinenumber=\skip57
\skiprule=\skip58
\skiphlne=\skip59
\skiptext=\skip60
\skiplength=\skip61
\algomargin=\skip62
\skipalgocfslide=\skip63
\algowidth=\dimen270
\inoutsize=\dimen271
\inoutindent=\dimen272
\interspacetitleruled=\dimen273
\interspacealgoruled=\dimen274
\interspacetitleboxruled=\dimen275
\algocf@ruledwidth=\skip64
\algocf@inoutbox=\box61
\algocf@inputbox=\box62
\AlCapSkip=\skip65
\AlCapHSkip=\skip66
\algoskipindent=\skip67
\algocf@nlbox=\box63
\algocf@hangingbox=\box64
\algocf@untilbox=\box65
\algocf@skipuntil=\skip68
\algocf@capbox=\box66
\algocf@lcaptionbox=\skip69
\algoheightruledefault=\skip70
\algoheightrule=\skip71
\algotitleheightruledefault=\skip72
\algotitleheightrule=\skip73
\c@algocfline=\count286
\c@algocfproc=\count287
\c@algocf=\count288
\algocf@algoframe=\box67
\algocf@algobox=\box68
) (d:/texlive/2020/texmf-dist/tex/latex/mdframed/mdframed.sty
Package: mdframed 2013/07/01 1.9b: mdframed
 (d:/texlive/2020/texmf-dist/tex/latex/kvoptions/kvoptions.sty
Package: kvoptions 2019/11/29 v3.13 Key value format for package options (HO)
 (d:/texlive/2020/texmf-dist/tex/generic/kvsetkeys/kvsetkeys.sty
Package: kvsetkeys 2019/12/15 v1.18 Key value parser (HO)
)) (d:/texlive/2020/texmf-dist/tex/latex/l3packages/xparse/xparse.sty (d:/texlive/2020/texmf-dist/tex/latex/l3kernel/expl3.sty
Package: expl3 2020-03-06 L3 programming layer (loader) 
 (d:/texlive/2020/texmf-dist/tex/latex/l3backend/l3backend-xdvipdfmx.def
File: l3backend-xdvipdfmx.def 2020-03-12 L3 backend support: xdvipdfmx
\g__graphics_track_int=\count289
\l__pdf_internal_box=\box69
\g__pdf_backend_object_int=\count290
\g__pdf_backend_annotation_int=\count291
))
Package: xparse 2020-03-06 L3 Experimental document command parser
\l__xparse_current_arg_int=\count292
\g__xparse_grabber_int=\count293
\l__xparse_m_args_int=\count294
\l__xparse_v_nesting_int=\count295
) (d:/texlive/2020/texmf-dist/tex/latex/etoolbox/etoolbox.sty
Package: etoolbox 2019/09/21 v2.5h e-TeX tools for LaTeX (JAW)
\etb@tempcnta=\count296
) (d:/texlive/2020/texmf-dist/tex/latex/zref/zref-abspage.sty
Package: zref-abspage 2020-03-03 v2.29 Module abspage for zref (HO)
 (d:/texlive/2020/texmf-dist/tex/latex/zref/zref-base.sty
Package: zref-base 2020-03-03 v2.29 Module base for zref (HO)
 (d:/texlive/2020/texmf-dist/tex/generic/kvdefinekeys/kvdefinekeys.sty
Package: kvdefinekeys 2019-12-19 v1.6 Define keys (HO)
) (d:/texlive/2020/texmf-dist/tex/latex/pdftexcmds/pdftexcmds.sty
Package: pdftexcmds 2019/11/24 v0.31 Utility functions of pdfTeX for LuaTeX (HO)
Package pdftexcmds Info: \pdf@primitive is available.
Package pdftexcmds Info: \pdf@ifprimitive is available.
Package pdftexcmds Info: \pdfdraftmode not found.
) (d:/texlive/2020/texmf-dist/tex/generic/etexcmds/etexcmds.sty
Package: etexcmds 2019/12/15 v1.7 Avoid name clashes with e-TeX commands (HO)
) (d:/texlive/2020/texmf-dist/tex/latex/auxhook/auxhook.sty
Package: auxhook 2019-12-17 v1.6 Hooks for auxiliary files (HO)
)
Package zref Info: New property list: main on input line 763.
Package zref Info: New property: default on input line 764.
Package zref Info: New property: page on input line 765.
)
\c@abspage=\count297
Package zref Info: New property: abspage on input line 66.
) (d:/texlive/2020/texmf-dist/tex/latex/needspace/needspace.sty
Package: needspace 2010/09/12 v1.3d reserve vertical space
)
\mdf@templength=\skip74
\c@mdf@globalstyle@cnt=\count298
\mdf@skipabove@length=\skip75
\mdf@skipbelow@length=\skip76
\mdf@leftmargin@length=\skip77
\mdf@rightmargin@length=\skip78
\mdf@innerleftmargin@length=\skip79
\mdf@innerrightmargin@length=\skip80
\mdf@innertopmargin@length=\skip81
\mdf@innerbottommargin@length=\skip82
\mdf@splittopskip@length=\skip83
\mdf@splitbottomskip@length=\skip84
\mdf@outermargin@length=\skip85
\mdf@innermargin@length=\skip86
\mdf@linewidth@length=\skip87
\mdf@innerlinewidth@length=\skip88
\mdf@middlelinewidth@length=\skip89
\mdf@outerlinewidth@length=\skip90
\mdf@roundcorner@length=\skip91
\mdf@footenotedistance@length=\skip92
\mdf@userdefinedwidth@length=\skip93
\mdf@needspace@length=\skip94
\mdf@frametitleaboveskip@length=\skip95
\mdf@frametitlebelowskip@length=\skip96
\mdf@frametitlerulewidth@length=\skip97
\mdf@frametitleleftmargin@length=\skip98
\mdf@frametitlerightmargin@length=\skip99
\mdf@shadowsize@length=\skip100
\mdf@extratopheight@length=\skip101
\mdf@subtitleabovelinewidth@length=\skip102
\mdf@subtitlebelowlinewidth@length=\skip103
\mdf@subtitleaboveskip@length=\skip104
\mdf@subtitlebelowskip@length=\skip105
\mdf@subtitleinneraboveskip@length=\skip106
\mdf@subtitleinnerbelowskip@length=\skip107
\mdf@subsubtitleabovelinewidth@length=\skip108
\mdf@subsubtitlebelowlinewidth@length=\skip109
\mdf@subsubtitleaboveskip@length=\skip110
\mdf@subsubtitlebelowskip@length=\skip111
\mdf@subsubtitleinneraboveskip@length=\skip112
\mdf@subsubtitleinnerbelowskip@length=\skip113
 (d:/texlive/2020/texmf-dist/tex/latex/mdframed/md-frame-1.mdf
File: md-frame-1.mdf 2013/07/01\ 1.9b: md-frame-1
)
\mdf@frametitlebox=\box70
\mdf@footnotebox=\box71
\mdf@splitbox@one=\box72
\mdf@splitbox@two=\box73
\mdf@splitbox@save=\box74
\mdfsplitboxwidth=\skip114
\mdfsplitboxtotalwidth=\skip115
\mdfsplitboxheight=\skip116
\mdfsplitboxdepth=\skip117
\mdfsplitboxtotalheight=\skip118
\mdfframetitleboxwidth=\skip119
\mdfframetitleboxtotalwidth=\skip120
\mdfframetitleboxheight=\skip121
\mdfframetitleboxdepth=\skip122
\mdfframetitleboxtotalheight=\skip123
\mdffootnoteboxwidth=\skip124
\mdffootnoteboxtotalwidth=\skip125
\mdffootnoteboxheight=\skip126
\mdffootnoteboxdepth=\skip127
\mdffootnoteboxtotalheight=\skip128
\mdftotallinewidth=\skip129
\mdfboundingboxwidth=\skip130
\mdfboundingboxtotalwidth=\skip131
\mdfboundingboxheight=\skip132
\mdfboundingboxdepth=\skip133
\mdfboundingboxtotalheight=\skip134
\mdf@freevspace@length=\skip135
\mdf@horizontalwidthofbox@length=\skip136
\mdf@verticalmarginwhole@length=\skip137
\mdf@horizontalspaceofbox=\skip138
\mdfsubtitleheight=\skip139
\mdfsubsubtitleheight=\skip140
\c@mdfcountframes=\count299

****** mdframed patching \endmdf@trivlist

****** -- success******

\mdf@envdepth=\count300
\c@mdf@env@i=\count301
\c@mdf@env@ii=\count302
\c@mdf@zref@counter=\count303
Package zref Info: New property: mdf@pagevalue on input line 895.
) (d:/texlive/2020/texmf-dist/tex/latex/listings/listings.sty
\lst@mode=\count304
\lst@gtempboxa=\box75
\lst@token=\toks40
\lst@length=\count305
\lst@currlwidth=\dimen276
\lst@column=\count306
\lst@pos=\count307
\lst@lostspace=\dimen277
\lst@width=\dimen278
\lst@newlines=\count308
\lst@lineno=\count309
\lst@maxwidth=\dimen279
 (d:/texlive/2020/texmf-dist/tex/latex/listings/lstmisc.sty
File: lstmisc.sty 2020/03/24 1.8d (Carsten Heinz)
\c@lstnumber=\count310
\lst@skipnumbers=\count311
\lst@framebox=\box76
) (d:/texlive/2020/texmf-dist/tex/latex/listings/listings.cfg
File: listings.cfg 2020/03/24 1.8d listings configuration
))
Package: listings 2020/03/24 1.8d (Carsten Heinz)
 (d:/texlive/2020/texmf-dist/tex/latex/geometry/geometry.sty
Package: geometry 2020/01/02 v5.9 Page Geometry
 (d:/texlive/2020/texmf-dist/tex/generic/iftex/ifvtex.sty
Package: ifvtex 2019/10/25 v1.7 ifvtex legacy package. Use iftex instead.
)
\Gm@cnth=\count312
\Gm@cntv=\count313
\c@Gm@tempcnt=\count314
\Gm@bindingoffset=\dimen280
\Gm@wd@mp=\dimen281
\Gm@odd@mp=\dimen282
\Gm@even@mp=\dimen283
\Gm@layoutwidth=\dimen284
\Gm@layoutheight=\dimen285
\Gm@layouthoffset=\dimen286
\Gm@layoutvoffset=\dimen287
\Gm@dimlist=\toks41
) (d:/texlive/2020/texmf-dist/tex/latex/base/inputenc.sty
Package: inputenc 2018/08/11 v1.3c Input encoding file
\inpenc@prehook=\toks42
\inpenc@posthook=\toks43


Package inputenc Warning: inputenc package ignored with utf8 based engines.

) (d:/texlive/2020/texmf-dist/tex/latex/base/fontenc.sty
Package: fontenc 2020/02/11 v2.0o Standard LaTeX package
LaTeX Font Info:    Trying to load font information for T1+lmr on input line 112.
 (d:/texlive/2020/texmf-dist/tex/latex/lm/t1lmr.fd
File: t1lmr.fd 2009/10/30 v1.6 Font defs for Latin Modern
))
\c@Question=\count315
 (d:/texlive/2020/texmf-dist/tex/latex/fontspec/fontspec.sty
Package: fontspec 2020/02/21 v2.7i Font selection for XeLaTeX and LuaLaTeX
 (d:/texlive/2020/texmf-dist/tex/latex/fontspec/fontspec-xetex.sty
Package: fontspec-xetex 2020/02/21 v2.7i Font selection for XeLaTeX and LuaLaTeX
\l__fontspec_script_int=\count316
\l__fontspec_language_int=\count317
\l__fontspec_strnum_int=\count318
\l__fontspec_tmp_int=\count319
\l__fontspec_tmpa_int=\count320
\l__fontspec_tmpb_int=\count321
\l__fontspec_tmpc_int=\count322
\l__fontspec_em_int=\count323
\l__fontspec_emdef_int=\count324
\l__fontspec_strong_int=\count325
\l__fontspec_strongdef_int=\count326
\l__fontspec_tmpa_dim=\dimen288
\l__fontspec_tmpb_dim=\dimen289
\l__fontspec_tmpc_dim=\dimen290
 (d:/texlive/2020/texmf-dist/tex/latex/base/fontenc.sty
Package: fontenc 2020/02/11 v2.0o Standard LaTeX package
) (d:/texlive/2020/texmf-dist/tex/latex/fontspec/fontspec.cfg))) (d:/texlive/2020/texmf-dist/tex/latex/tools/indentfirst.sty
Package: indentfirst 1995/11/23 v1.03 Indent first paragraph (DPC)
) (d:/texlive/2020/texmf-dist/tex/latex/booktabs/booktabs.sty
Package: booktabs 2020/01/12 v1.61803398 Publication quality tables
\heavyrulewidth=\dimen291
\lightrulewidth=\dimen292
\cmidrulewidth=\dimen293
\belowrulesep=\dimen294
\belowbottomsep=\dimen295
\aboverulesep=\dimen296
\abovetopsep=\dimen297
\cmidrulesep=\dimen298
\cmidrulekern=\dimen299
\defaultaddspace=\dimen300
\@cmidla=\count327
\@cmidlb=\count328
\@aboverulesep=\dimen301
\@belowrulesep=\dimen302
\@thisruleclass=\count329
\@lastruleclass=\count330
\@thisrulewidth=\dimen303
) (d:/texlive/2020/texmf-dist/tex/latex/subfigure/subfigure.sty
Package: subfigure 2002/03/15 v2.1.5 subfigure package
\subfigtopskip=\skip141
\subfigcapskip=\skip142
\subfigcaptopadj=\dimen304
\subfigbottomskip=\skip143
\subfigcapmargin=\dimen305
\subfiglabelskip=\skip144
\c@subfigure=\count331
\c@lofdepth=\count332
\c@subtable=\count333
\c@lotdepth=\count334

****************************************
* Local config file subfigure.cfg used *
****************************************
(d:/texlive/2020/texmf-dist/tex/latex/subfigure/subfigure.cfg)
\subfig@top=\skip145
\subfig@bottom=\skip146
) (d:/texlive/2020/texmf-dist/tex/latex/url/url.sty
\Urlmuskip=\muskip17
Package: url 2013/09/16  ver 3.4  Verb mode for urls, etc.
) (d:/texlive/2020/texmf-dist/tex/latex/sttools/flushend.sty
Package: flushend 2017/03/27 v3.3 Balancing columns in twocolumn mode
\flushend@@lastskip@a=\skip147
\flushend@@lastskip@b=\skip148
\flushend@@lastskip@c=\skip149
\flushend@@penalty@a=\count335
\flushend@@lastkern@a=\dimen306
\var@@temp@spread=\dimen307
\var@@temp@a=\dimen308
\flushend@@page@rule=\dimen309
\flushend@@varbox@a=\box77
\flushend@@varbox@c=\box78
\flushend@@tempbox@a=\box79
\flushend@@tempbox@c=\box80
\@viper=\box81
\hold@viper=\box82
\atColsBreak=\toks44
\atColsEnd=\toks45
) (d:/texlive/2020/texmf-dist/tex/latex/sttools/cuted.sty
Package: cuted 2012/10/04 v1.5 Mixing onecolumn and twocolumn modes
\At@ViperColsBreak=\toks46
\v@aaa=\box83
\v@ccc=\box84
\lastskip@a=\skip150
\lastskip@b=\skip151
\lastskip@d=\skip152
\lastbox@a=\box85
\stripsep=\skip153
\viper@penalty=\count336
\ht@viper=\dimen310
) (d:/texlive/2020/texmf-dist/tex/latex/enumitem/enumitem.sty
Package: enumitem 2019/06/20 v3.9 Customized lists
\labelindent=\skip154
\enit@outerparindent=\dimen311
\enit@toks=\toks47
\enit@inbox=\box86
\enit@count@id=\count337
\enitdp@description=\count338
) (d:/texlive/2020/texmf-dist/tex/generic/pgf/frontendlayer/tikz/libraries/graphs/tikzlibrarygraphs.code.tex
File: tikzlibrarygraphs.code.tex 2020/01/08 v3.1.5b (3.1.5b)
\tikz@lib@auto@number=\count339
\tikz@qnode@count=\count340
) (d:/texlive/2020/texmf-dist/tex/generic/pgf/frontendlayer/tikz/libraries/tikzlibrarypositioning.code.tex
File: tikzlibrarypositioning.code.tex 2020/01/08 v3.1.5b (3.1.5b)
) (d:/texlive/2020/texmf-dist/tex/generic/pgf/frontendlayer/tikz/libraries/tikzlibraryquotes.code.tex
File: tikzlibraryquotes.code.tex 2020/01/08 v3.1.5b (3.1.5b)
) (d:/texlive/2020/texmf-dist/tex/generic/pgf/frontendlayer/tikz/libraries/tikzlibraryshapes.geometric.code.tex
File: tikzlibraryshapes.geometric.code.tex 2020/01/08 v3.1.5b (3.1.5b)
 (d:/texlive/2020/texmf-dist/tex/generic/pgf/libraries/shapes/pgflibraryshapes.geometric.code.tex
File: pgflibraryshapes.geometric.code.tex 2020/01/08 v3.1.5b (3.1.5b)
)))

Package fontspec Info: Font family 'STZHONGS.ttf(0)' created for font
(fontspec)             'STZHONGS.ttf' with options
(fontspec)             [Ligatures=TeX,ExternalLocation=../.template/].
(fontspec)              
(fontspec)              This font family consists of the following NFSS
(fontspec)             series/shapes:
(fontspec)              
(fontspec)             - 'normal' (m/n) with NFSS spec.:
(fontspec)             <->"[../.template/STZHONGS.ttf]/OT:language=dflt;mapping=tex-text;"
(fontspec)             - 'small caps'  (m/sc) with NFSS spec.: 

 (d:/texlive/2020/texmf-dist/tex/xelatex/xecjk/xeCJK.sty
Package: xeCJK 2020/02/18 v3.8.2 Typesetting CJK scripts with XeLaTeX
 (d:/texlive/2020/texmf-dist/tex/latex/l3packages/l3keys2e/l3keys2e.sty
Package: l3keys2e 2020-03-06 LaTeX2e option processing using LaTeX3 keys
) (d:/texlive/2020/texmf-dist/tex/latex/l3packages/xtemplate/xtemplate.sty
Package: xtemplate 2020-03-06 L3 Experimental prototype document functions
\l__xtemplate_tmp_dim=\dimen312
\l__xtemplate_tmp_int=\count341
\l__xtemplate_tmp_muskip=\muskip18
\l__xtemplate_tmp_skip=\skip155
)
\l__xeCJK_tmp_int=\count342
\l__xeCJK_tmp_box=\box87
\l__xeCJK_tmp_dim=\dimen313
\l__xeCJK_tmp_skip=\skip156
\g__xeCJK_space_factor_int=\count343
\l__xeCJK_begin_int=\count344
\l__xeCJK_end_int=\count345
\c__xeCJK_CJK_class_int=\XeTeXcharclass1
\c__xeCJK_FullLeft_class_int=\XeTeXcharclass2
\c__xeCJK_FullRight_class_int=\XeTeXcharclass3
\c__xeCJK_HalfLeft_class_int=\XeTeXcharclass4
\c__xeCJK_HalfRight_class_int=\XeTeXcharclass5
\c__xeCJK_NormalSpace_class_int=\XeTeXcharclass6
\c__xeCJK_CM_class_int=\XeTeXcharclass7
\c__xeCJK_HangulJamo_class_int=\XeTeXcharclass8
\l__xeCJK_last_skip=\skip157
\g__xeCJK_node_int=\count346
\c__xeCJK_CJK_node_dim=\dimen314
\c__xeCJK_CJK-space_node_dim=\dimen315
\c__xeCJK_default_node_dim=\dimen316
\c__xeCJK_default-space_node_dim=\dimen317
\c__xeCJK_CJK-widow_node_dim=\dimen318
\c__xeCJK_normalspace_node_dim=\dimen319
\l__xeCJK_ccglue_skip=\skip158
\l__xeCJK_ecglue_skip=\skip159
\l__xeCJK_punct_kern_skip=\skip160
\l__xeCJK_last_penalty_int=\count347
\l__xeCJK_last_bound_dim=\dimen320
\l__xeCJK_last_kern_dim=\dimen321
\l__xeCJK_widow_penalty_int=\count348

Package xtemplate Info: Declaring object type 'xeCJK/punctuation' taking 0
(xtemplate)             argument(s) on line 2302.

\l__xeCJK_fixed_punct_width_dim=\dimen322
\l__xeCJK_mixed_punct_width_dim=\dimen323
\l__xeCJK_middle_punct_width_dim=\dimen324
\l__xeCJK_fixed_margin_width_dim=\dimen325
\l__xeCJK_mixed_margin_width_dim=\dimen326
\l__xeCJK_middle_margin_width_dim=\dimen327
\l__xeCJK_bound_punct_width_dim=\dimen328
\l__xeCJK_bound_margin_width_dim=\dimen329
\l__xeCJK_margin_minimum_dim=\dimen330
\l__xeCJK_kerning_total_width_dim=\dimen331
\l__xeCJK_same_align_margin_dim=\dimen332
\l__xeCJK_different_align_margin_dim=\dimen333
\l__xeCJK_kerning_margin_width_dim=\dimen334
\l__xeCJK_kerning_margin_minimum_dim=\dimen335
\l__xeCJK_bound_dim=\dimen336
\l__xeCJK_reverse_bound_dim=\dimen337
\l__xeCJK_margin_dim=\dimen338
\l__xeCJK_minimum_bound_dim=\dimen339
\l__xeCJK_kerning_margin_dim=\dimen340
\g__xeCJK_family_int=\count349
\l__xeCJK_fam_int=\count350
\g__xeCJK_fam_allocation_int=\count351
\l__xeCJK_verb_case_int=\count352
\l__xeCJK_verb_exspace_skip=\skip161
 (d:/texlive/2020/texmf-dist/tex/xelatex/xecjk/xeCJK.cfg
File: xeCJK.cfg 2020/02/18 v3.8.2 Configuration file for xeCJK package
)) (d:/texlive/2020/texmf-dist/tex/latex/caption/caption.sty
Package: caption 2020/01/03 v3.4h Customizing captions (AR)
 (d:/texlive/2020/texmf-dist/tex/latex/caption/caption3.sty
Package: caption3 2020/01/03 v1.8h caption3 kernel (AR)
Package caption3 Info: TeX engine: e-TeX on input line 61.
\captionmargin=\dimen341
\captionmargin@=\dimen342
\captionwidth=\dimen343
\caption@tempdima=\dimen344
\caption@indent=\dimen345
\caption@parindent=\dimen346
\caption@hangindent=\dimen347
Package caption Info: Standard document class detected.
)
\c@caption@flags=\count353
\c@continuedfloat=\count354
Package caption Info: listings package is loaded.
Package caption Info: subfigure package is loaded.
)

Package xeCJK Warning: Undefined CJK default family `\CJKrmdefault' has been
(xeCJK)                replaced by `\CJKttdefault'.
(xeCJK)                
(xeCJK)                Try to use `\setCJKmainfont[...]{...}' to define it.


Package fontspec Info: Font family 'STZHONGS.ttf(1)' created for font
(fontspec)             'STZHONGS.ttf' with options
(fontspec)             [Script={CJK},ExternalLocation={../.template/}].
(fontspec)              
(fontspec)              This font family consists of the following NFSS
(fontspec)             series/shapes:
(fontspec)              
(fontspec)             - 'normal' (m/n) with NFSS spec.:
(fontspec)             <->"[../.template/STZHONGS.ttf]/OT:script=hani;language=dflt;"
(fontspec)             - 'small caps'  (m/sc) with NFSS spec.: 

(d:/texlive/2020/texmf-dist/tex/xelatex/xecjk/xeCJK-listings.sty
Package: xeCJK-listings 2020/02/18 v3.8.2 xeCJK patch file for listings
\l__xeCJK_listings_max_char_int=\count355
\l__xeCJK_listings_flag_int=\count356
) (./database.aux)
\openout1 = `database.aux'.

LaTeX Font Info:    Checking defaults for OML/cmm/m/it on input line 33.
LaTeX Font Info:    ... okay on input line 33.
LaTeX Font Info:    Checking defaults for OMS/cmsy/m/n on input line 33.
LaTeX Font Info:    ... okay on input line 33.
LaTeX Font Info:    Checking defaults for OT1/cmr/m/n on input line 33.
LaTeX Font Info:    ... okay on input line 33.
LaTeX Font Info:    Checking defaults for T1/cmr/m/n on input line 33.
LaTeX Font Info:    ... okay on input line 33.
LaTeX Font Info:    Checking defaults for TS1/cmr/m/n on input line 33.
LaTeX Font Info:    Trying to load font information for TS1+cmr on input line 33.
 (d:/texlive/2020/texmf-dist/tex/latex/base/ts1cmr.fd
File: ts1cmr.fd 2019/12/16 v2.5j Standard LaTeX font definitions
)
LaTeX Font Info:    ... okay on input line 33.
LaTeX Font Info:    Checking defaults for TU/lmr/m/n on input line 33.
LaTeX Font Info:    ... okay on input line 33.
LaTeX Font Info:    Checking defaults for OMX/cmex/m/n on input line 33.
LaTeX Font Info:    ... okay on input line 33.
LaTeX Font Info:    Checking defaults for U/cmr/m/n on input line 33.
LaTeX Font Info:    ... okay on input line 33.


Package xeCJK Warning: Unknown CJK family `\CJKrmdefault' is being ignored.
(xeCJK)                
(xeCJK)                Try to use `\setCJKmainfont[...]{...}' to define it.

ABD: EveryShipout initializing macros
Package pgfplots notification 'compat/show suggested version=true': you might benefit from \pgfplotsset{compat=1.17} (current compat level: 1.5.1).

\AtBeginShipoutBox=\box88
(d:/texlive/2020/texmf-dist/tex/latex/pdflscape/pdflscape.sty
Package: pdflscape 2019/12/05 v0.12 Display of landscape pages in PDF (HO)
 (d:/texlive/2020/texmf-dist/tex/latex/graphics/lscape.sty
Package: lscape 2000/10/22 v3.01 Landscape Pages (DPC)
)
Package pdflscape Info: Auto-detected driver: dvipdfm (xetex) on input line 98.
)
\c@lstlisting=\count357

*geometry* driver: auto-detecting
*geometry* detected driver: xetex
*geometry* verbose mode - [ preamble ] result:
* driver: xetex
* paper: a4paper
* layout: <same size as paper>
* layoutoffset:(h,v)=(0.0pt,0.0pt)
* modes: 
* h-part:(L,W,R)=(71.13188pt, 455.24411pt, 71.13188pt)
* v-part:(T,H,B)=(71.13188pt, 688.5567pt, 85.35826pt)
* \paperwidth=597.50787pt
* \paperheight=845.04684pt
* \textwidth=455.24411pt
* \textheight=688.5567pt
* \oddsidemargin=-1.1381pt
* \evensidemargin=-1.1381pt
* \topmargin=-49.28133pt
* \headheight=14.0pt
* \headsep=34.14322pt
* \topskip=11.0pt
* \footskip=42.67912pt
* \marginparwidth=59.0pt
* \marginparsep=10.0pt
* \columnsep=10.0pt
* \skip\footins=10.0pt plus 4.0pt minus 2.0pt
* \hoffset=0.0pt
* \voffset=0.0pt
* \mag=1000
* \@twocolumnfalse
* \@twosidefalse
* \@mparswitchfalse
* \@reversemarginfalse
* (1in=72.27pt=25.4mm, 1cm=28.453pt)


Package fontspec Info: Adjusting the maths setup (use [no-math] to avoid
(fontspec)             this).

\symlegacymaths=\mathgroup7
LaTeX Font Info:    Overwriting symbol font `legacymaths' in version `bold'
(Font)                  OT1/cmr/m/n --> OT1/cmr/bx/n on input line 33.
LaTeX Font Info:    Redeclaring math accent \acute on input line 33.
LaTeX Font Info:    Redeclaring math accent \grave on input line 33.
LaTeX Font Info:    Redeclaring math accent \ddot on input line 33.
LaTeX Font Info:    Redeclaring math accent \tilde on input line 33.
LaTeX Font Info:    Redeclaring math accent \bar on input line 33.
LaTeX Font Info:    Redeclaring math accent \breve on input line 33.
LaTeX Font Info:    Redeclaring math accent \check on input line 33.
LaTeX Font Info:    Redeclaring math accent \hat on input line 33.
LaTeX Font Info:    Redeclaring math accent \dot on input line 33.
LaTeX Font Info:    Redeclaring math accent \mathring on input line 33.
LaTeX Font Info:    Redeclaring math symbol \Gamma on input line 33.
LaTeX Font Info:    Redeclaring math symbol \Delta on input line 33.
LaTeX Font Info:    Redeclaring math symbol \Theta on input line 33.
LaTeX Font Info:    Redeclaring math symbol \Lambda on input line 33.
LaTeX Font Info:    Redeclaring math symbol \Xi on input line 33.
LaTeX Font Info:    Redeclaring math symbol \Pi on input line 33.
LaTeX Font Info:    Redeclaring math symbol \Sigma on input line 33.
LaTeX Font Info:    Redeclaring math symbol \Upsilon on input line 33.
LaTeX Font Info:    Redeclaring math symbol \Phi on input line 33.
LaTeX Font Info:    Redeclaring math symbol \Psi on input line 33.
LaTeX Font Info:    Redeclaring math symbol \Omega on input line 33.
LaTeX Font Info:    Redeclaring math symbol \mathdollar on input line 33.
LaTeX Font Info:    Redeclaring symbol font `operators' on input line 33.
LaTeX Font Info:    Encoding `OT1' has changed to `TU' for symbol font
(Font)              `operators' in the math version `normal' on input line 33.
LaTeX Font Info:    Overwriting symbol font `operators' in version `normal'
(Font)                  OT1/cmr/m/n --> TU/STZHONGS.ttf(0)/m/n on input line 33.
LaTeX Font Info:    Encoding `OT1' has changed to `TU' for symbol font
(Font)              `operators' in the math version `bold' on input line 33.
LaTeX Font Info:    Overwriting symbol font `operators' in version `bold'
(Font)                  OT1/cmr/bx/n --> TU/STZHONGS.ttf(0)/m/n on input line 33.
LaTeX Font Info:    Overwriting symbol font `operators' in version `normal'
(Font)                  TU/STZHONGS.ttf(0)/m/n --> TU/STZHONGS.ttf(0)/m/n on input line 33.
LaTeX Font Info:    Overwriting math alphabet `\mathit' in version `normal'
(Font)                  OT1/cmr/m/it --> TU/STZHONGS.ttf(0)/m/it on input line 33.
LaTeX Font Info:    Overwriting math alphabet `\mathbf' in version `normal'
(Font)                  OT1/cmr/bx/n --> TU/STZHONGS.ttf(0)/b/n on input line 33.
LaTeX Font Info:    Overwriting math alphabet `\mathsf' in version `normal'
(Font)                  OT1/cmss/m/n --> TU/lmss/m/n on input line 33.
LaTeX Font Info:    Overwriting math alphabet `\mathtt' in version `normal'
(Font)                  OT1/cmtt/m/n --> TU/lmtt/m/n on input line 33.
LaTeX Font Info:    Overwriting symbol font `operators' in version `bold'
(Font)                  TU/STZHONGS.ttf(0)/m/n --> TU/STZHONGS.ttf(0)/b/n on input line 33.
LaTeX Font Info:    Overwriting math alphabet `\mathit' in version `bold'
(Font)                  OT1/cmr/bx/it --> TU/STZHONGS.ttf(0)/b/it on input line 33.
LaTeX Font Info:    Overwriting math alphabet `\mathsf' in version `bold'
(Font)                  OT1/cmss/bx/n --> TU/lmss/b/n on input line 33.
LaTeX Font Info:    Overwriting math alphabet `\mathtt' in version `bold'
(Font)                  OT1/cmtt/m/n --> TU/lmtt/b/n on input line 33.
Package caption Info: Begin \AtBeginDocument code.
Package caption Info: End \AtBeginDocument code.
LaTeX Font Info:    Trying to load font information for U+msa on input line 35.
(d:/texlive/2020/texmf-dist/tex/latex/amsfonts/umsa.fd
File: umsa.fd 2013/01/14 v3.01 AMS symbols A
)
LaTeX Font Info:    Trying to load font information for U+msb on input line 35.
 (d:/texlive/2020/texmf-dist/tex/latex/amsfonts/umsb.fd
File: umsb.fd 2013/01/14 v3.01 AMS symbols B
)
LaTeX Font Info:    Trying to load font information for U+stmry on input line 35.
 (d:/texlive/2020/texmf-dist/tex/latex/stmaryrd/Ustmry.fd)

LaTeX Font Warning: Font shape `TU/STZHONGS.ttf(0)/b/n' undefined
(Font)              using `TU/STZHONGS.ttf(0)/m/n' instead on input line 37.


LaTeX Font Warning: Font shape `TU/STZHONGS.ttf(1)/b/n' undefined
(Font)              using `TU/STZHONGS.ttf(1)/m/n' instead on input line 37.

[1

]
File: CDM模型.png Graphic file (type bmp)
<CDM模型.png>


LaTeX Warning: `h' float specifier changed to `ht'.

File: LDM模型.png Graphic file (type bmp)
<LDM模型.png>
File: PDM模型.png Graphic file (type bmp)
<PDM模型.png>
[2]
File: 候选键.png Graphic file (type bmp)
<候选键.png>


LaTeX Warning: `h' float specifier changed to `ht'.

[3] [4] [5]
File: ../report/CDM.pdf Graphic file (type pdf)
<use ../report/CDM.pdf>
File: ../report/CDM.pdf Graphic file (type pdf)
<use ../report/CDM.pdf>
File: ../report/CDM.pdf Graphic file (type pdf)
<use ../report/CDM.pdf, page 1>
File: ../report/CDM.pdf Graphic file (type pdf)
<use ../report/CDM.pdf, page 1>
File: ../report/CDM.pdf Graphic file (type pdf)
<use ../report/CDM.pdf, page 1>
File: ../report/CDM.pdf Graphic file (type pdf)
<use ../report/CDM.pdf, page 1>
File: ../report/CDM.pdf Graphic file (type pdf)
<use ../report/CDM.pdf, page 1>
 [6]
File: ../report/CDM.pdf Graphic file (type pdf)
<use ../report/CDM.pdf>
File: ../report/CDM.pdf Graphic file (type pdf)
<use ../report/CDM.pdf>
File: ../report/CDM.pdf Graphic file (type pdf)
<use ../report/CDM.pdf, page 2>
File: ../report/CDM.pdf Graphic file (type pdf)
<use ../report/CDM.pdf, page 2>
File: ../report/CDM.pdf Graphic file (type pdf)
<use ../report/CDM.pdf, page 2>
File: ../report/CDM.pdf Graphic file (type pdf)
<use ../report/CDM.pdf, page 2>
File: ../report/CDM.pdf Graphic file (type pdf)
<use ../report/CDM.pdf, page 2>
 [7]
File: ../report/CDM.pdf Graphic file (type pdf)
<use ../report/CDM.pdf>
File: ../report/CDM.pdf Graphic file (type pdf)
<use ../report/CDM.pdf>
File: ../report/CDM.pdf Graphic file (type pdf)
<use ../report/CDM.pdf, page 3>
File: ../report/CDM.pdf Graphic file (type pdf)
<use ../report/CDM.pdf, page 3>
File: ../report/CDM.pdf Graphic file (type pdf)
<use ../report/CDM.pdf, page 3>
File: ../report/CDM.pdf Graphic file (type pdf)
<use ../report/CDM.pdf, page 3>
File: ../report/CDM.pdf Graphic file (type pdf)
<use ../report/CDM.pdf, page 3>
 [8]
File: ../report/CDM.pdf Graphic file (type pdf)
<use ../report/CDM.pdf>
File: ../report/CDM.pdf Graphic file (type pdf)
<use ../report/CDM.pdf>
File: ../report/CDM.pdf Graphic file (type pdf)
<use ../report/CDM.pdf, page 4>
File: ../report/CDM.pdf Graphic file (type pdf)
<use ../report/CDM.pdf, page 4>
File: ../report/CDM.pdf Graphic file (type pdf)
<use ../report/CDM.pdf, page 4>
File: ../report/CDM.pdf Graphic file (type pdf)
<use ../report/CDM.pdf, page 4>
File: ../report/CDM.pdf Graphic file (type pdf)
<use ../report/CDM.pdf, page 4>
 [9]
File: ../report/CDM.pdf Graphic file (type pdf)
<use ../report/CDM.pdf>
File: ../report/CDM.pdf Graphic file (type pdf)
<use ../report/CDM.pdf>
File: ../report/CDM.pdf Graphic file (type pdf)
<use ../report/CDM.pdf, page 5>
File: ../report/CDM.pdf Graphic file (type pdf)
<use ../report/CDM.pdf, page 5>
File: ../report/CDM.pdf Graphic file (type pdf)
<use ../report/CDM.pdf, page 5>
File: ../report/CDM.pdf Graphic file (type pdf)
<use ../report/CDM.pdf, page 5>
File: ../report/CDM.pdf Graphic file (type pdf)
<use ../report/CDM.pdf, page 5>
 [10]
File: ../report/CDM.pdf Graphic file (type pdf)
<use ../report/CDM.pdf>
File: ../report/CDM.pdf Graphic file (type pdf)
<use ../report/CDM.pdf>
File: ../report/CDM.pdf Graphic file (type pdf)
<use ../report/CDM.pdf, page 6>
File: ../report/CDM.pdf Graphic file (type pdf)
<use ../report/CDM.pdf, page 6>
File: ../report/CDM.pdf Graphic file (type pdf)
<use ../report/CDM.pdf, page 6>
File: ../report/CDM.pdf Graphic file (type pdf)
<use ../report/CDM.pdf, page 6>
File: ../report/CDM.pdf Graphic file (type pdf)
<use ../report/CDM.pdf, page 6>
 [11]
File: ../report/CDM.pdf Graphic file (type pdf)
<use ../report/CDM.pdf>
File: ../report/CDM.pdf Graphic file (type pdf)
<use ../report/CDM.pdf>
File: ../report/CDM.pdf Graphic file (type pdf)
<use ../report/CDM.pdf, page 7>
File: ../report/CDM.pdf Graphic file (type pdf)
<use ../report/CDM.pdf, page 7>
File: ../report/CDM.pdf Graphic file (type pdf)
<use ../report/CDM.pdf, page 7>
File: ../report/CDM.pdf Graphic file (type pdf)
<use ../report/CDM.pdf, page 7>
File: ../report/CDM.pdf Graphic file (type pdf)
<use ../report/CDM.pdf, page 7>
 [12]
File: ../report/CDM.pdf Graphic file (type pdf)
<use ../report/CDM.pdf>
File: ../report/CDM.pdf Graphic file (type pdf)
<use ../report/CDM.pdf>
File: ../report/CDM.pdf Graphic file (type pdf)
<use ../report/CDM.pdf, page 8>
File: ../report/CDM.pdf Graphic file (type pdf)
<use ../report/CDM.pdf, page 8>
File: ../report/CDM.pdf Graphic file (type pdf)
<use ../report/CDM.pdf, page 8>
File: ../report/CDM.pdf Graphic file (type pdf)
<use ../report/CDM.pdf, page 8>
File: ../report/CDM.pdf Graphic file (type pdf)
<use ../report/CDM.pdf, page 8>
 [13]
File: ../report/CDM.pdf Graphic file (type pdf)
<use ../report/CDM.pdf>
File: ../report/CDM.pdf Graphic file (type pdf)
<use ../report/CDM.pdf>
File: ../report/CDM.pdf Graphic file (type pdf)
<use ../report/CDM.pdf, page 9>
File: ../report/CDM.pdf Graphic file (type pdf)
<use ../report/CDM.pdf, page 9>
File: ../report/CDM.pdf Graphic file (type pdf)
<use ../report/CDM.pdf, page 9>
File: ../report/CDM.pdf Graphic file (type pdf)
<use ../report/CDM.pdf, page 9>
File: ../report/CDM.pdf Graphic file (type pdf)
<use ../report/CDM.pdf, page 9>
 [14]
File: ../report/CDM.pdf Graphic file (type pdf)
<use ../report/CDM.pdf>
File: ../report/CDM.pdf Graphic file (type pdf)
<use ../report/CDM.pdf>
File: ../report/CDM.pdf Graphic file (type pdf)
<use ../report/CDM.pdf, page 10>
File: ../report/CDM.pdf Graphic file (type pdf)
<use ../report/CDM.pdf, page 10>
File: ../report/CDM.pdf Graphic file (type pdf)
<use ../report/CDM.pdf, page 10>
File: ../report/CDM.pdf Graphic file (type pdf)
<use ../report/CDM.pdf, page 10>
File: ../report/CDM.pdf Graphic file (type pdf)
<use ../report/CDM.pdf, page 10>
 [15]
File: ../report/CDM.pdf Graphic file (type pdf)
<use ../report/CDM.pdf>
File: ../report/CDM.pdf Graphic file (type pdf)
<use ../report/CDM.pdf>
File: ../report/CDM.pdf Graphic file (type pdf)
<use ../report/CDM.pdf, page 11>
File: ../report/CDM.pdf Graphic file (type pdf)
<use ../report/CDM.pdf, page 11>
File: ../report/CDM.pdf Graphic file (type pdf)
<use ../report/CDM.pdf, page 11>
File: ../report/CDM.pdf Graphic file (type pdf)
<use ../report/CDM.pdf, page 11>
File: ../report/CDM.pdf Graphic file (type pdf)
<use ../report/CDM.pdf, page 11>
 [16]
File: ../report/CDM.pdf Graphic file (type pdf)
<use ../report/CDM.pdf>
File: ../report/CDM.pdf Graphic file (type pdf)
<use ../report/CDM.pdf>
File: ../report/CDM.pdf Graphic file (type pdf)
<use ../report/CDM.pdf, page 12>
File: ../report/CDM.pdf Graphic file (type pdf)
<use ../report/CDM.pdf, page 12>
File: ../report/CDM.pdf Graphic file (type pdf)
<use ../report/CDM.pdf, page 12>
File: ../report/CDM.pdf Graphic file (type pdf)
<use ../report/CDM.pdf, page 12>
File: ../report/CDM.pdf Graphic file (type pdf)
<use ../report/CDM.pdf, page 12>
 [17]
File: ../report/CDM.pdf Graphic file (type pdf)
<use ../report/CDM.pdf>
File: ../report/CDM.pdf Graphic file (type pdf)
<use ../report/CDM.pdf>
File: ../report/CDM.pdf Graphic file (type pdf)
<use ../report/CDM.pdf, page 13>
File: ../report/CDM.pdf Graphic file (type pdf)
<use ../report/CDM.pdf, page 13>
File: ../report/CDM.pdf Graphic file (type pdf)
<use ../report/CDM.pdf, page 13>
File: ../report/CDM.pdf Graphic file (type pdf)
<use ../report/CDM.pdf, page 13>
File: ../report/CDM.pdf Graphic file (type pdf)
<use ../report/CDM.pdf, page 13>
 [18]
File: ../report/CDM.pdf Graphic file (type pdf)
<use ../report/CDM.pdf>
File: ../report/CDM.pdf Graphic file (type pdf)
<use ../report/CDM.pdf>
File: ../report/CDM.pdf Graphic file (type pdf)
<use ../report/CDM.pdf, page 14>
File: ../report/CDM.pdf Graphic file (type pdf)
<use ../report/CDM.pdf, page 14>
File: ../report/CDM.pdf Graphic file (type pdf)
<use ../report/CDM.pdf, page 14>
File: ../report/CDM.pdf Graphic file (type pdf)
<use ../report/CDM.pdf, page 14>
File: ../report/CDM.pdf Graphic file (type pdf)
<use ../report/CDM.pdf, page 14>
 [19]
File: ../report/CDM.pdf Graphic file (type pdf)
<use ../report/CDM.pdf>
File: ../report/CDM.pdf Graphic file (type pdf)
<use ../report/CDM.pdf>
File: ../report/CDM.pdf Graphic file (type pdf)
<use ../report/CDM.pdf, page 15>
File: ../report/CDM.pdf Graphic file (type pdf)
<use ../report/CDM.pdf, page 15>
File: ../report/CDM.pdf Graphic file (type pdf)
<use ../report/CDM.pdf, page 15>
File: ../report/CDM.pdf Graphic file (type pdf)
<use ../report/CDM.pdf, page 15>
File: ../report/CDM.pdf Graphic file (type pdf)
<use ../report/CDM.pdf, page 15>
 [20]
File: ../report/CDM.pdf Graphic file (type pdf)
<use ../report/CDM.pdf>
File: ../report/CDM.pdf Graphic file (type pdf)
<use ../report/CDM.pdf>
File: ../report/CDM.pdf Graphic file (type pdf)
<use ../report/CDM.pdf, page 16>
File: ../report/CDM.pdf Graphic file (type pdf)
<use ../report/CDM.pdf, page 16>
File: ../report/CDM.pdf Graphic file (type pdf)
<use ../report/CDM.pdf, page 16>
File: ../report/CDM.pdf Graphic file (type pdf)
<use ../report/CDM.pdf, page 16>
File: ../report/CDM.pdf Graphic file (type pdf)
<use ../report/CDM.pdf, page 16>
 [21]
File: ../report/CDM.pdf Graphic file (type pdf)
<use ../report/CDM.pdf>
File: ../report/CDM.pdf Graphic file (type pdf)
<use ../report/CDM.pdf>
File: ../report/CDM.pdf Graphic file (type pdf)
<use ../report/CDM.pdf, page 17>
File: ../report/CDM.pdf Graphic file (type pdf)
<use ../report/CDM.pdf, page 17>
File: ../report/CDM.pdf Graphic file (type pdf)
<use ../report/CDM.pdf, page 17>
File: ../report/CDM.pdf Graphic file (type pdf)
<use ../report/CDM.pdf, page 17>
File: ../report/CDM.pdf Graphic file (type pdf)
<use ../report/CDM.pdf, page 17>
 [22]
File: ../report/CDM.pdf Graphic file (type pdf)
<use ../report/CDM.pdf>
File: ../report/CDM.pdf Graphic file (type pdf)
<use ../report/CDM.pdf>
File: ../report/CDM.pdf Graphic file (type pdf)
<use ../report/CDM.pdf, page 18>
File: ../report/CDM.pdf Graphic file (type pdf)
<use ../report/CDM.pdf, page 18>
File: ../report/CDM.pdf Graphic file (type pdf)
<use ../report/CDM.pdf, page 18>
File: ../report/CDM.pdf Graphic file (type pdf)
<use ../report/CDM.pdf, page 18>
File: ../report/CDM.pdf Graphic file (type pdf)
<use ../report/CDM.pdf, page 18>
 [23]
File: ../report/CDM.pdf Graphic file (type pdf)
<use ../report/CDM.pdf>
File: ../report/CDM.pdf Graphic file (type pdf)
<use ../report/CDM.pdf>
File: ../report/CDM.pdf Graphic file (type pdf)
<use ../report/CDM.pdf, page 19>
File: ../report/CDM.pdf Graphic file (type pdf)
<use ../report/CDM.pdf, page 19>
File: ../report/CDM.pdf Graphic file (type pdf)
<use ../report/CDM.pdf, page 19>
File: ../report/CDM.pdf Graphic file (type pdf)
<use ../report/CDM.pdf, page 19>
File: ../report/CDM.pdf Graphic file (type pdf)
<use ../report/CDM.pdf, page 19>
 [24]
File: ../report/CDM.pdf Graphic file (type pdf)
<use ../report/CDM.pdf>
File: ../report/CDM.pdf Graphic file (type pdf)
<use ../report/CDM.pdf>
File: ../report/CDM.pdf Graphic file (type pdf)
<use ../report/CDM.pdf, page 20>
File: ../report/CDM.pdf Graphic file (type pdf)
<use ../report/CDM.pdf, page 20>
File: ../report/CDM.pdf Graphic file (type pdf)
<use ../report/CDM.pdf, page 20>
File: ../report/CDM.pdf Graphic file (type pdf)
<use ../report/CDM.pdf, page 20>
File: ../report/CDM.pdf Graphic file (type pdf)
<use ../report/CDM.pdf, page 20>
 [25]
File: ../report/CDM.pdf Graphic file (type pdf)
<use ../report/CDM.pdf>
File: ../report/CDM.pdf Graphic file (type pdf)
<use ../report/CDM.pdf>
File: ../report/CDM.pdf Graphic file (type pdf)
<use ../report/CDM.pdf, page 21>
File: ../report/CDM.pdf Graphic file (type pdf)
<use ../report/CDM.pdf, page 21>
File: ../report/CDM.pdf Graphic file (type pdf)
<use ../report/CDM.pdf, page 21>
File: ../report/CDM.pdf Graphic file (type pdf)
<use ../report/CDM.pdf, page 21>
File: ../report/CDM.pdf Graphic file (type pdf)
<use ../report/CDM.pdf, page 21>
 [26]
File: ../report/CDM.pdf Graphic file (type pdf)
<use ../report/CDM.pdf>
File: ../report/CDM.pdf Graphic file (type pdf)
<use ../report/CDM.pdf>
File: ../report/CDM.pdf Graphic file (type pdf)
<use ../report/CDM.pdf, page 22>
File: ../report/CDM.pdf Graphic file (type pdf)
<use ../report/CDM.pdf, page 22>
File: ../report/CDM.pdf Graphic file (type pdf)
<use ../report/CDM.pdf, page 22>
File: ../report/CDM.pdf Graphic file (type pdf)
<use ../report/CDM.pdf, page 22>
File: ../report/CDM.pdf Graphic file (type pdf)
<use ../report/CDM.pdf, page 22>
 [27]
File: ../report/CDM.pdf Graphic file (type pdf)
<use ../report/CDM.pdf>
File: ../report/CDM.pdf Graphic file (type pdf)
<use ../report/CDM.pdf>
File: ../report/CDM.pdf Graphic file (type pdf)
<use ../report/CDM.pdf, page 23>
File: ../report/CDM.pdf Graphic file (type pdf)
<use ../report/CDM.pdf, page 23>
File: ../report/CDM.pdf Graphic file (type pdf)
<use ../report/CDM.pdf, page 23>
File: ../report/CDM.pdf Graphic file (type pdf)
<use ../report/CDM.pdf, page 23>
File: ../report/CDM.pdf Graphic file (type pdf)
<use ../report/CDM.pdf, page 23>
 [28]
File: ../report/CDM.pdf Graphic file (type pdf)
<use ../report/CDM.pdf>
File: ../report/CDM.pdf Graphic file (type pdf)
<use ../report/CDM.pdf>
File: ../report/CDM.pdf Graphic file (type pdf)
<use ../report/CDM.pdf, page 24>
File: ../report/CDM.pdf Graphic file (type pdf)
<use ../report/CDM.pdf, page 24>
File: ../report/CDM.pdf Graphic file (type pdf)
<use ../report/CDM.pdf, page 24>
File: ../report/CDM.pdf Graphic file (type pdf)
<use ../report/CDM.pdf, page 24>
File: ../report/CDM.pdf Graphic file (type pdf)
<use ../report/CDM.pdf, page 24>
 [29]
File: ../report/CDM.pdf Graphic file (type pdf)
<use ../report/CDM.pdf>
File: ../report/CDM.pdf Graphic file (type pdf)
<use ../report/CDM.pdf>
File: ../report/CDM.pdf Graphic file (type pdf)
<use ../report/CDM.pdf, page 25>
File: ../report/CDM.pdf Graphic file (type pdf)
<use ../report/CDM.pdf, page 25>
File: ../report/CDM.pdf Graphic file (type pdf)
<use ../report/CDM.pdf, page 25>
File: ../report/CDM.pdf Graphic file (type pdf)
<use ../report/CDM.pdf, page 25>
File: ../report/CDM.pdf Graphic file (type pdf)
<use ../report/CDM.pdf, page 25>
 [30]
File: ../report/CDM.pdf Graphic file (type pdf)
<use ../report/CDM.pdf>
File: ../report/CDM.pdf Graphic file (type pdf)
<use ../report/CDM.pdf>
File: ../report/CDM.pdf Graphic file (type pdf)
<use ../report/CDM.pdf, page 26>
File: ../report/CDM.pdf Graphic file (type pdf)
<use ../report/CDM.pdf, page 26>
File: ../report/CDM.pdf Graphic file (type pdf)
<use ../report/CDM.pdf, page 26>
File: ../report/CDM.pdf Graphic file (type pdf)
<use ../report/CDM.pdf, page 26>
File: ../report/CDM.pdf Graphic file (type pdf)
<use ../report/CDM.pdf, page 26>
 [31]
File: ../report/CDM.pdf Graphic file (type pdf)
<use ../report/CDM.pdf>
File: ../report/CDM.pdf Graphic file (type pdf)
<use ../report/CDM.pdf>
File: ../report/CDM.pdf Graphic file (type pdf)
<use ../report/CDM.pdf, page 27>
File: ../report/CDM.pdf Graphic file (type pdf)
<use ../report/CDM.pdf, page 27>
File: ../report/CDM.pdf Graphic file (type pdf)
<use ../report/CDM.pdf, page 27>
File: ../report/CDM.pdf Graphic file (type pdf)
<use ../report/CDM.pdf, page 27>
File: ../report/CDM.pdf Graphic file (type pdf)
<use ../report/CDM.pdf, page 27>
 [32]
File: ../report/PDM.pdf Graphic file (type pdf)
<use ../report/PDM.pdf>
File: ../report/PDM.pdf Graphic file (type pdf)
<use ../report/PDM.pdf>
File: ../report/PDM.pdf Graphic file (type pdf)
<use ../report/PDM.pdf, page 1>
File: ../report/PDM.pdf Graphic file (type pdf)
<use ../report/PDM.pdf, page 1>
File: ../report/PDM.pdf Graphic file (type pdf)
<use ../report/PDM.pdf, page 1>
File: ../report/PDM.pdf Graphic file (type pdf)
<use ../report/PDM.pdf, page 1>
File: ../report/PDM.pdf Graphic file (type pdf)
<use ../report/PDM.pdf, page 1>
 [33]
File: ../report/PDM.pdf Graphic file (type pdf)
<use ../report/PDM.pdf>
File: ../report/PDM.pdf Graphic file (type pdf)
<use ../report/PDM.pdf>
File: ../report/PDM.pdf Graphic file (type pdf)
<use ../report/PDM.pdf, page 2>
File: ../report/PDM.pdf Graphic file (type pdf)
<use ../report/PDM.pdf, page 2>
File: ../report/PDM.pdf Graphic file (type pdf)
<use ../report/PDM.pdf, page 2>
File: ../report/PDM.pdf Graphic file (type pdf)
<use ../report/PDM.pdf, page 2>
File: ../report/PDM.pdf Graphic file (type pdf)
<use ../report/PDM.pdf, page 2>
 [34]
File: ../report/PDM.pdf Graphic file (type pdf)
<use ../report/PDM.pdf>
File: ../report/PDM.pdf Graphic file (type pdf)
<use ../report/PDM.pdf>
File: ../report/PDM.pdf Graphic file (type pdf)
<use ../report/PDM.pdf, page 3>
File: ../report/PDM.pdf Graphic file (type pdf)
<use ../report/PDM.pdf, page 3>
File: ../report/PDM.pdf Graphic file (type pdf)
<use ../report/PDM.pdf, page 3>
File: ../report/PDM.pdf Graphic file (type pdf)
<use ../report/PDM.pdf, page 3>
File: ../report/PDM.pdf Graphic file (type pdf)
<use ../report/PDM.pdf, page 3>
 [35]
File: ../report/PDM.pdf Graphic file (type pdf)
<use ../report/PDM.pdf>
File: ../report/PDM.pdf Graphic file (type pdf)
<use ../report/PDM.pdf>
File: ../report/PDM.pdf Graphic file (type pdf)
<use ../report/PDM.pdf, page 4>
File: ../report/PDM.pdf Graphic file (type pdf)
<use ../report/PDM.pdf, page 4>
File: ../report/PDM.pdf Graphic file (type pdf)
<use ../report/PDM.pdf, page 4>
File: ../report/PDM.pdf Graphic file (type pdf)
<use ../report/PDM.pdf, page 4>
File: ../report/PDM.pdf Graphic file (type pdf)
<use ../report/PDM.pdf, page 4>
 [36]
File: ../report/PDM.pdf Graphic file (type pdf)
<use ../report/PDM.pdf>
File: ../report/PDM.pdf Graphic file (type pdf)
<use ../report/PDM.pdf>
File: ../report/PDM.pdf Graphic file (type pdf)
<use ../report/PDM.pdf, page 5>
File: ../report/PDM.pdf Graphic file (type pdf)
<use ../report/PDM.pdf, page 5>
File: ../report/PDM.pdf Graphic file (type pdf)
<use ../report/PDM.pdf, page 5>
File: ../report/PDM.pdf Graphic file (type pdf)
<use ../report/PDM.pdf, page 5>
File: ../report/PDM.pdf Graphic file (type pdf)
<use ../report/PDM.pdf, page 5>
 [37]
File: ../report/PDM.pdf Graphic file (type pdf)
<use ../report/PDM.pdf>
File: ../report/PDM.pdf Graphic file (type pdf)
<use ../report/PDM.pdf>
File: ../report/PDM.pdf Graphic file (type pdf)
<use ../report/PDM.pdf, page 6>
File: ../report/PDM.pdf Graphic file (type pdf)
<use ../report/PDM.pdf, page 6>
File: ../report/PDM.pdf Graphic file (type pdf)
<use ../report/PDM.pdf, page 6>
File: ../report/PDM.pdf Graphic file (type pdf)
<use ../report/PDM.pdf, page 6>
File: ../report/PDM.pdf Graphic file (type pdf)
<use ../report/PDM.pdf, page 6>
 [38]
File: ../report/PDM.pdf Graphic file (type pdf)
<use ../report/PDM.pdf>
File: ../report/PDM.pdf Graphic file (type pdf)
<use ../report/PDM.pdf>
File: ../report/PDM.pdf Graphic file (type pdf)
<use ../report/PDM.pdf, page 7>
File: ../report/PDM.pdf Graphic file (type pdf)
<use ../report/PDM.pdf, page 7>
File: ../report/PDM.pdf Graphic file (type pdf)
<use ../report/PDM.pdf, page 7>
File: ../report/PDM.pdf Graphic file (type pdf)
<use ../report/PDM.pdf, page 7>
File: ../report/PDM.pdf Graphic file (type pdf)
<use ../report/PDM.pdf, page 7>
 [39]
File: ../report/PDM.pdf Graphic file (type pdf)
<use ../report/PDM.pdf>
File: ../report/PDM.pdf Graphic file (type pdf)
<use ../report/PDM.pdf>
File: ../report/PDM.pdf Graphic file (type pdf)
<use ../report/PDM.pdf, page 8>
File: ../report/PDM.pdf Graphic file (type pdf)
<use ../report/PDM.pdf, page 8>
File: ../report/PDM.pdf Graphic file (type pdf)
<use ../report/PDM.pdf, page 8>
File: ../report/PDM.pdf Graphic file (type pdf)
<use ../report/PDM.pdf, page 8>
File: ../report/PDM.pdf Graphic file (type pdf)
<use ../report/PDM.pdf, page 8>
 [40]
File: ../report/PDM.pdf Graphic file (type pdf)
<use ../report/PDM.pdf>
File: ../report/PDM.pdf Graphic file (type pdf)
<use ../report/PDM.pdf>
File: ../report/PDM.pdf Graphic file (type pdf)
<use ../report/PDM.pdf, page 9>
File: ../report/PDM.pdf Graphic file (type pdf)
<use ../report/PDM.pdf, page 9>
File: ../report/PDM.pdf Graphic file (type pdf)
<use ../report/PDM.pdf, page 9>
File: ../report/PDM.pdf Graphic file (type pdf)
<use ../report/PDM.pdf, page 9>
File: ../report/PDM.pdf Graphic file (type pdf)
<use ../report/PDM.pdf, page 9>
 [41]
File: ../report/PDM.pdf Graphic file (type pdf)
<use ../report/PDM.pdf>
File: ../report/PDM.pdf Graphic file (type pdf)
<use ../report/PDM.pdf>
File: ../report/PDM.pdf Graphic file (type pdf)
<use ../report/PDM.pdf, page 10>
File: ../report/PDM.pdf Graphic file (type pdf)
<use ../report/PDM.pdf, page 10>
File: ../report/PDM.pdf Graphic file (type pdf)
<use ../report/PDM.pdf, page 10>
File: ../report/PDM.pdf Graphic file (type pdf)
<use ../report/PDM.pdf, page 10>
File: ../report/PDM.pdf Graphic file (type pdf)
<use ../report/PDM.pdf, page 10>
 [42]
File: ../report/PDM.pdf Graphic file (type pdf)
<use ../report/PDM.pdf>
File: ../report/PDM.pdf Graphic file (type pdf)
<use ../report/PDM.pdf>
File: ../report/PDM.pdf Graphic file (type pdf)
<use ../report/PDM.pdf, page 11>
File: ../report/PDM.pdf Graphic file (type pdf)
<use ../report/PDM.pdf, page 11>
File: ../report/PDM.pdf Graphic file (type pdf)
<use ../report/PDM.pdf, page 11>
File: ../report/PDM.pdf Graphic file (type pdf)
<use ../report/PDM.pdf, page 11>
File: ../report/PDM.pdf Graphic file (type pdf)
<use ../report/PDM.pdf, page 11>
 [43]
File: ../report/PDM.pdf Graphic file (type pdf)
<use ../report/PDM.pdf>
File: ../report/PDM.pdf Graphic file (type pdf)
<use ../report/PDM.pdf>
File: ../report/PDM.pdf Graphic file (type pdf)
<use ../report/PDM.pdf, page 12>
File: ../report/PDM.pdf Graphic file (type pdf)
<use ../report/PDM.pdf, page 12>
File: ../report/PDM.pdf Graphic file (type pdf)
<use ../report/PDM.pdf, page 12>
File: ../report/PDM.pdf Graphic file (type pdf)
<use ../report/PDM.pdf, page 12>
File: ../report/PDM.pdf Graphic file (type pdf)
<use ../report/PDM.pdf, page 12>
 [44]
File: ../report/PDM.pdf Graphic file (type pdf)
<use ../report/PDM.pdf>
File: ../report/PDM.pdf Graphic file (type pdf)
<use ../report/PDM.pdf>
File: ../report/PDM.pdf Graphic file (type pdf)
<use ../report/PDM.pdf, page 13>
File: ../report/PDM.pdf Graphic file (type pdf)
<use ../report/PDM.pdf, page 13>
File: ../report/PDM.pdf Graphic file (type pdf)
<use ../report/PDM.pdf, page 13>
File: ../report/PDM.pdf Graphic file (type pdf)
<use ../report/PDM.pdf, page 13>
File: ../report/PDM.pdf Graphic file (type pdf)
<use ../report/PDM.pdf, page 13>
 [45]
File: ../report/PDM.pdf Graphic file (type pdf)
<use ../report/PDM.pdf>
File: ../report/PDM.pdf Graphic file (type pdf)
<use ../report/PDM.pdf>
File: ../report/PDM.pdf Graphic file (type pdf)
<use ../report/PDM.pdf, page 14>
File: ../report/PDM.pdf Graphic file (type pdf)
<use ../report/PDM.pdf, page 14>
File: ../report/PDM.pdf Graphic file (type pdf)
<use ../report/PDM.pdf, page 14>
File: ../report/PDM.pdf Graphic file (type pdf)
<use ../report/PDM.pdf, page 14>
File: ../report/PDM.pdf Graphic file (type pdf)
<use ../report/PDM.pdf, page 14>
 [46]
File: ../report/LDM.pdf Graphic file (type pdf)
<use ../report/LDM.pdf>
File: ../report/LDM.pdf Graphic file (type pdf)
<use ../report/LDM.pdf>
File: ../report/LDM.pdf Graphic file (type pdf)
<use ../report/LDM.pdf, page 1>
File: ../report/LDM.pdf Graphic file (type pdf)
<use ../report/LDM.pdf, page 1>
File: ../report/LDM.pdf Graphic file (type pdf)
<use ../report/LDM.pdf, page 1>
File: ../report/LDM.pdf Graphic file (type pdf)
<use ../report/LDM.pdf, page 1>
File: ../report/LDM.pdf Graphic file (type pdf)
<use ../report/LDM.pdf, page 1>
 [47]
File: ../report/LDM.pdf Graphic file (type pdf)
<use ../report/LDM.pdf>
File: ../report/LDM.pdf Graphic file (type pdf)
<use ../report/LDM.pdf>
File: ../report/LDM.pdf Graphic file (type pdf)
<use ../report/LDM.pdf, page 2>
File: ../report/LDM.pdf Graphic file (type pdf)
<use ../report/LDM.pdf, page 2>
File: ../report/LDM.pdf Graphic file (type pdf)
<use ../report/LDM.pdf, page 2>
File: ../report/LDM.pdf Graphic file (type pdf)
<use ../report/LDM.pdf, page 2>
File: ../report/LDM.pdf Graphic file (type pdf)
<use ../report/LDM.pdf, page 2>
 [48]
File: ../report/LDM.pdf Graphic file (type pdf)
<use ../report/LDM.pdf>
File: ../report/LDM.pdf Graphic file (type pdf)
<use ../report/LDM.pdf>
File: ../report/LDM.pdf Graphic file (type pdf)
<use ../report/LDM.pdf, page 3>
File: ../report/LDM.pdf Graphic file (type pdf)
<use ../report/LDM.pdf, page 3>
File: ../report/LDM.pdf Graphic file (type pdf)
<use ../report/LDM.pdf, page 3>
File: ../report/LDM.pdf Graphic file (type pdf)
<use ../report/LDM.pdf, page 3>
File: ../report/LDM.pdf Graphic file (type pdf)
<use ../report/LDM.pdf, page 3>
 [49]
File: ../report/LDM.pdf Graphic file (type pdf)
<use ../report/LDM.pdf>
File: ../report/LDM.pdf Graphic file (type pdf)
<use ../report/LDM.pdf>
File: ../report/LDM.pdf Graphic file (type pdf)
<use ../report/LDM.pdf, page 4>
File: ../report/LDM.pdf Graphic file (type pdf)
<use ../report/LDM.pdf, page 4>
File: ../report/LDM.pdf Graphic file (type pdf)
<use ../report/LDM.pdf, page 4>
File: ../report/LDM.pdf Graphic file (type pdf)
<use ../report/LDM.pdf, page 4>
File: ../report/LDM.pdf Graphic file (type pdf)
<use ../report/LDM.pdf, page 4>
 [50]
File: ../report/LDM.pdf Graphic file (type pdf)
<use ../report/LDM.pdf>
File: ../report/LDM.pdf Graphic file (type pdf)
<use ../report/LDM.pdf>
File: ../report/LDM.pdf Graphic file (type pdf)
<use ../report/LDM.pdf, page 5>
File: ../report/LDM.pdf Graphic file (type pdf)
<use ../report/LDM.pdf, page 5>
File: ../report/LDM.pdf Graphic file (type pdf)
<use ../report/LDM.pdf, page 5>
File: ../report/LDM.pdf Graphic file (type pdf)
<use ../report/LDM.pdf, page 5>
File: ../report/LDM.pdf Graphic file (type pdf)
<use ../report/LDM.pdf, page 5>
 [51]
File: ../report/LDM.pdf Graphic file (type pdf)
<use ../report/LDM.pdf>
File: ../report/LDM.pdf Graphic file (type pdf)
<use ../report/LDM.pdf>
File: ../report/LDM.pdf Graphic file (type pdf)
<use ../report/LDM.pdf, page 6>
File: ../report/LDM.pdf Graphic file (type pdf)
<use ../report/LDM.pdf, page 6>
File: ../report/LDM.pdf Graphic file (type pdf)
<use ../report/LDM.pdf, page 6>
File: ../report/LDM.pdf Graphic file (type pdf)
<use ../report/LDM.pdf, page 6>
File: ../report/LDM.pdf Graphic file (type pdf)
<use ../report/LDM.pdf, page 6>
 [52]
File: ../report/LDM.pdf Graphic file (type pdf)
<use ../report/LDM.pdf>
File: ../report/LDM.pdf Graphic file (type pdf)
<use ../report/LDM.pdf>
File: ../report/LDM.pdf Graphic file (type pdf)
<use ../report/LDM.pdf, page 7>
File: ../report/LDM.pdf Graphic file (type pdf)
<use ../report/LDM.pdf, page 7>
File: ../report/LDM.pdf Graphic file (type pdf)
<use ../report/LDM.pdf, page 7>
File: ../report/LDM.pdf Graphic file (type pdf)
<use ../report/LDM.pdf, page 7>
File: ../report/LDM.pdf Graphic file (type pdf)
<use ../report/LDM.pdf, page 7>
 [53]
File: ../report/LDM.pdf Graphic file (type pdf)
<use ../report/LDM.pdf>
File: ../report/LDM.pdf Graphic file (type pdf)
<use ../report/LDM.pdf>
File: ../report/LDM.pdf Graphic file (type pdf)
<use ../report/LDM.pdf, page 8>
File: ../report/LDM.pdf Graphic file (type pdf)
<use ../report/LDM.pdf, page 8>
File: ../report/LDM.pdf Graphic file (type pdf)
<use ../report/LDM.pdf, page 8>
File: ../report/LDM.pdf Graphic file (type pdf)
<use ../report/LDM.pdf, page 8>
File: ../report/LDM.pdf Graphic file (type pdf)
<use ../report/LDM.pdf, page 8>
 [54]
File: ../report/LDM.pdf Graphic file (type pdf)
<use ../report/LDM.pdf>
File: ../report/LDM.pdf Graphic file (type pdf)
<use ../report/LDM.pdf>
File: ../report/LDM.pdf Graphic file (type pdf)
<use ../report/LDM.pdf, page 9>
File: ../report/LDM.pdf Graphic file (type pdf)
<use ../report/LDM.pdf, page 9>
File: ../report/LDM.pdf Graphic file (type pdf)
<use ../report/LDM.pdf, page 9>
File: ../report/LDM.pdf Graphic file (type pdf)
<use ../report/LDM.pdf, page 9>
File: ../report/LDM.pdf Graphic file (type pdf)
<use ../report/LDM.pdf, page 9>
 [55]
File: ../report/LDM.pdf Graphic file (type pdf)
<use ../report/LDM.pdf>
File: ../report/LDM.pdf Graphic file (type pdf)
<use ../report/LDM.pdf>
File: ../report/LDM.pdf Graphic file (type pdf)
<use ../report/LDM.pdf, page 10>
File: ../report/LDM.pdf Graphic file (type pdf)
<use ../report/LDM.pdf, page 10>
File: ../report/LDM.pdf Graphic file (type pdf)
<use ../report/LDM.pdf, page 10>
File: ../report/LDM.pdf Graphic file (type pdf)
<use ../report/LDM.pdf, page 10>
File: ../report/LDM.pdf Graphic file (type pdf)
<use ../report/LDM.pdf, page 10>
 [56]
File: ../report/LDM.pdf Graphic file (type pdf)
<use ../report/LDM.pdf>
File: ../report/LDM.pdf Graphic file (type pdf)
<use ../report/LDM.pdf>
File: ../report/LDM.pdf Graphic file (type pdf)
<use ../report/LDM.pdf, page 11>
File: ../report/LDM.pdf Graphic file (type pdf)
<use ../report/LDM.pdf, page 11>
File: ../report/LDM.pdf Graphic file (type pdf)
<use ../report/LDM.pdf, page 11>
File: ../report/LDM.pdf Graphic file (type pdf)
<use ../report/LDM.pdf, page 11>
File: ../report/LDM.pdf Graphic file (type pdf)
<use ../report/LDM.pdf, page 11>
 [57]
File: ../report/LDM.pdf Graphic file (type pdf)
<use ../report/LDM.pdf>
File: ../report/LDM.pdf Graphic file (type pdf)
<use ../report/LDM.pdf>
File: ../report/LDM.pdf Graphic file (type pdf)
<use ../report/LDM.pdf, page 12>
File: ../report/LDM.pdf Graphic file (type pdf)
<use ../report/LDM.pdf, page 12>
File: ../report/LDM.pdf Graphic file (type pdf)
<use ../report/LDM.pdf, page 12>
File: ../report/LDM.pdf Graphic file (type pdf)
<use ../report/LDM.pdf, page 12>
File: ../report/LDM.pdf Graphic file (type pdf)
<use ../report/LDM.pdf, page 12>
 [58]
File: ../report/LDM.pdf Graphic file (type pdf)
<use ../report/LDM.pdf>
File: ../report/LDM.pdf Graphic file (type pdf)
<use ../report/LDM.pdf>
File: ../report/LDM.pdf Graphic file (type pdf)
<use ../report/LDM.pdf, page 13>
File: ../report/LDM.pdf Graphic file (type pdf)
<use ../report/LDM.pdf, page 13>
File: ../report/LDM.pdf Graphic file (type pdf)
<use ../report/LDM.pdf, page 13>
File: ../report/LDM.pdf Graphic file (type pdf)
<use ../report/LDM.pdf, page 13>
File: ../report/LDM.pdf Graphic file (type pdf)
<use ../report/LDM.pdf, page 13>
 [59]
File: ../report/LDM.pdf Graphic file (type pdf)
<use ../report/LDM.pdf>
File: ../report/LDM.pdf Graphic file (type pdf)
<use ../report/LDM.pdf>
File: ../report/LDM.pdf Graphic file (type pdf)
<use ../report/LDM.pdf, page 14>
File: ../report/LDM.pdf Graphic file (type pdf)
<use ../report/LDM.pdf, page 14>
File: ../report/LDM.pdf Graphic file (type pdf)
<use ../report/LDM.pdf, page 14>
File: ../report/LDM.pdf Graphic file (type pdf)
<use ../report/LDM.pdf, page 14>
File: ../report/LDM.pdf Graphic file (type pdf)
<use ../report/LDM.pdf, page 14>
 [60]
File: ../report/LDM.pdf Graphic file (type pdf)
<use ../report/LDM.pdf>
File: ../report/LDM.pdf Graphic file (type pdf)
<use ../report/LDM.pdf>
File: ../report/LDM.pdf Graphic file (type pdf)
<use ../report/LDM.pdf, page 15>
File: ../report/LDM.pdf Graphic file (type pdf)
<use ../report/LDM.pdf, page 15>
File: ../report/LDM.pdf Graphic file (type pdf)
<use ../report/LDM.pdf, page 15>
File: ../report/LDM.pdf Graphic file (type pdf)
<use ../report/LDM.pdf, page 15>
File: ../report/LDM.pdf Graphic file (type pdf)
<use ../report/LDM.pdf, page 15>
 [61] (./database.aux)

LaTeX Font Warning: Some font shapes were not available, defaults substituted.

 ) 
Here is how much of TeX's memory you used:
 35049 strings out of 479418
 882685 string characters out of 5888106
 1299136 words of memory out of 5000000
 51955 multiletter control sequences out of 15000+600000
 542497 words of font info for 73 fonts, out of 8000000 for 9000
 1348 hyphenation exceptions out of 8191
 68i,18n,98p,917b,479s stack positions out of 5000i,500n,10000p,200000b,80000s

Output written on database.pdf (61 pages).
